This is pdfTeX, Version 3.14159265-2.6-1.40.20 (MiKTeX 2.9.7250 64-bit) (preloaded format=pdflatex 2020.1.28)  27 AUG 2020 19:06
entering extended mode
**./main.tex
(main.tex
LaTeX2e <2019-10-01> patch level 3
(pjatkThesis.cls
Document Class: pjatkThesis 2016/6/21 Thesis
("E:\Program Files (x86)\Miktex\tex/latex/base\inputenc.sty"
Package: inputenc 2018/08/11 v1.3c Input encoding file
\inpenc@prehook=\toks14
\inpenc@posthook=\toks15
)
("E:\Program Files (x86)\Miktex\tex/latex/base\fontenc.sty"
Package: fontenc 2018/08/11 v2.0j Standard LaTeX package

("E:\Program Files (x86)\Miktex\tex/latex/base\t1enc.def"
File: t1enc.def 2018/08/11 v2.0j Standard LaTeX file
LaTeX Font Info:    Redeclaring font encoding T1 on input line 48.
))
("E:\Program Files (x86)\Miktex\tex/latex/base\ifthen.sty"
Package: ifthen 2014/09/29 v1.1c Standard LaTeX ifthen package (DPC)
)
("E:\Program Files (x86)\Miktex\tex/latex/endnotes\endnotes.sty"
Package: endnotes 2020-01-02 endnotes package
\c@endnote=\count80
\endnotesep=\dimen102
\@enotes=\write3
)
("E:\Program Files (x86)\Miktex\tex/latex/fancyhdr\fancyhdr.sty"
Package: fancyhdr 2019/01/31 v3.10 Extensive control of page headers and footer
s
\f@nch@headwidth=\skip41
\f@nch@O@elh=\skip42
\f@nch@O@erh=\skip43
\f@nch@O@olh=\skip44
\f@nch@O@orh=\skip45
\f@nch@O@elf=\skip46
\f@nch@O@erf=\skip47
\f@nch@O@olf=\skip48
\f@nch@O@orf=\skip49
)
("E:\Program Files (x86)\Miktex\tex/latex/graphics\color.sty"
Package: color 2016/07/10 v1.1e Standard LaTeX Color (DPC)

("E:\Program Files (x86)\Miktex\tex/latex/graphics-cfg\color.cfg"
File: color.cfg 2016/01/02 v1.6 sample color configuration
)
Package color Info: Driver file: pdftex.def on input line 147.

("E:\Program Files (x86)\Miktex\tex/latex/graphics-def\pdftex.def"
File: pdftex.def 2018/01/08 v1.0l Graphics/color driver for pdftex
))
\c@@@tcount=\count81

("E:\Program Files (x86)\Miktex\tex/latex/base\report.cls"
Document Class: report 2019/10/25 v1.4k Standard LaTeX document class
("E:\Program Files (x86)\Miktex\tex/latex/base\size12.clo"
File: size12.clo 2019/10/25 v1.4k Standard LaTeX file (size option)
)
\c@part=\count82
\c@chapter=\count83
\c@section=\count84
\c@subsection=\count85
\c@subsubsection=\count86
\c@paragraph=\count87
\c@subparagraph=\count88
\c@figure=\count89
\c@table=\count90
\abovecaptionskip=\skip50
\belowcaptionskip=\skip51
\bibindent=\dimen103
))
("E:\Program Files (x86)\Miktex\tex/latex/xurl\xurl.sty"
Package: xurl 2020/01/24 v 0.09 modify URL breaks

("E:\Program Files (x86)\Miktex\tex/latex/url\url.sty"
\Urlmuskip=\muskip10
Package: url 2013/09/16  ver 3.4  Verb mode for urls, etc.
))
("E:\Program Files (x86)\Miktex\tex/latex/float\float.sty"
Package: float 2001/11/08 v1.3d Float enhancements (AL)
\c@float@type=\count91
\float@exts=\toks16
\float@box=\box27
\@float@everytoks=\toks17
\@floatcapt=\box28
)
("E:\Program Files (x86)\Miktex\tex/latex/psnfss\times.sty"
Package: times 2005/04/12 PSNFSS-v9.2a (SPQR) 
)
("E:\Program Files (x86)\Miktex\tex/generic/babel\babel.sty"
Package: babel 2020/01/15 3.38 The Babel package

("E:\Program Files (x86)\Miktex\tex/generic/babel\switch.def"
File: switch.def 2020/01/15 3.38 Babel switching mechanism
)
*************************************
* Local config file bblopts.cfg used
*
("E:\Program Files (x86)\Miktex\tex/latex/arabi\bblopts.cfg"
File: bblopts.cfg 2005/09/08 v0.1 add Arabic and Farsi to "declared" options of
 babel
)
("E:\Program Files (x86)\Miktex\tex/latex/babel-polish\polish.ldf"
Language: polish 2005/03/31 v1.2l Polish support from the babel system

("E:\Program Files (x86)\Miktex\tex/generic/babel\babel.def"
File: babel.def 2020/01/15 3.38 Babel common definitions
\babel@savecnt=\count92
\U@D=\dimen104

("E:\Program Files (x86)\Miktex\tex/generic/babel\txtbabel.def")
\bbl@readstream=\read1
\bbl@dirlevel=\count93
)
Package babel Info: Making " an active character on input line 83.
\pl@left=\dimen105
\pl@down=\dimen106
\pl@right=\dimen107
\pl@temp=\dimen108
)
("E:\Program Files (x86)\Miktex\tex/latex/babel-english\english.ldf"
Language: english 2017/06/06 v3.3r English support from the babel system
Package babel Info: \l@canadian = using hyphenrules for english
(babel)             (\language0) on input line 102.
Package babel Info: \l@australian = using hyphenrules for ukenglish
(babel)             (\language72) on input line 105.
Package babel Info: \l@newzealand = using hyphenrules for ukenglish
(babel)             (\language72) on input line 108.
))
("E:\Program Files (x86)\Miktex\tex/latex/cite\cite.sty"
LaTeX Info: Redefining \cite on input line 302.
LaTeX Info: Redefining \nocite on input line 332.
Package: cite 2015/02/27  v 5.5
)
("E:\Program Files (x86)\Miktex\tex/latex/sidecap\sidecap.sty"
Package: sidecap 2003/06/06 v1.6f SideCap Package (RN/HjG)
\SC@BOXWD=\dimen109
\SC@CAPWD=\dimen110
\SC@tempdima=\dimen111
\SC@tempdimb=\dimen112
\c@SC@C=\count94
\SC@BOX=\box29
)
("E:\Program Files (x86)\Miktex\tex/latex/graphics\graphicx.sty"
Package: graphicx 2017/06/01 v1.1a Enhanced LaTeX Graphics (DPC,SPQR)

("E:\Program Files (x86)\Miktex\tex/latex/graphics\keyval.sty"
Package: keyval 2014/10/28 v1.15 key=value parser (DPC)
\KV@toks@=\toks18
)
("E:\Program Files (x86)\Miktex\tex/latex/graphics\graphics.sty"
Package: graphics 2019/11/01 v1.3d Standard LaTeX Graphics (DPC,SPQR)

("E:\Program Files (x86)\Miktex\tex/latex/graphics\trig.sty"
Package: trig 2016/01/03 v1.10 sin cos tan (DPC)
)
("E:\Program Files (x86)\Miktex\tex/latex/graphics-cfg\graphics.cfg"
File: graphics.cfg 2016/06/04 v1.11 sample graphics configuration
)
Package graphics Info: Driver file: pdftex.def on input line 105.
)
\Gin@req@height=\dimen113
\Gin@req@width=\dimen114
)
("E:\Program Files (x86)\Miktex\tex/latex/wrapfig\wrapfig.sty"
\wrapoverhang=\dimen115
\WF@size=\dimen116
\c@WF@wrappedlines=\count95
\WF@box=\box30
\WF@everypar=\toks19
Package: wrapfig 2003/01/31  v 3.6
)
("E:\Program Files (x86)\Miktex\tex/latex/caption\subcaption.sty"
Package: subcaption 2020/01/22 v1.3d Sub-captions (AR)

("E:\Program Files (x86)\Miktex\tex/latex/caption\caption.sty"
Package: caption 2020/05/30 v3.4k Customizing captions (AR)

("E:\Program Files (x86)\Miktex\tex/latex/caption\caption3.sty"
Package: caption3 2020/05/30 v1.12 caption3 kernel (AR)
Package caption3 Info: TeX engine: e-TeX on input line 61.
\captionmargin=\dimen117
\captionmargin@=\dimen118
\captionwidth=\dimen119
\caption@tempdima=\dimen120
\caption@indent=\dimen121
\caption@parindent=\dimen122
\caption@hangindent=\dimen123
Package caption Info: Standard document class detected.
)
\c@caption@flags=\count96
\c@continuedfloat=\count97
Package caption Info: float package is loaded.
Package caption Info: sidecap package is loaded.
Package caption Info: wrapfig package is loaded.
)
\c@subfigure=\count98
\c@subtable=\count99
)
("E:\Program Files (x86)\Miktex\tex/latex/base\makeidx.sty"
Package: makeidx 2014/09/29 v1.0m Standard LaTeX package
)
("E:\Program Files (x86)\Miktex\tex/latex/xargs\xargs.sty"
Package: xargs 2008/03/22 v1.1  extended macro definitions  (mpg)

("E:\Program Files (x86)\Miktex\tex/latex/xkeyval\xkeyval.sty"
Package: xkeyval 2014/12/03 v2.7a package option processing (HA)

("E:\Program Files (x86)\Miktex\tex/generic/xkeyval\xkeyval.tex"
("E:\Program Files (x86)\Miktex\tex/generic/xkeyval\xkvutils.tex"
\XKV@toks=\toks20
\XKV@tempa@toks=\toks21
)
\XKV@depth=\count100
File: xkeyval.tex 2014/12/03 v2.7a key=value parser (HA)
))
\xargs@max=\count101
\xargs@toksa=\toks22
\xargs@toksb=\toks23
)
("E:\Program Files (x86)\Miktex\tex/latex/lipsum\lipsum.sty"
("E:\Program Files (x86)\Miktex\tex/latex/l3kernel\expl3.sty"
Package: expl3 2020-01-22 L3 programming layer (loader) 

("E:\Program Files (x86)\Miktex\tex/latex/l3kernel\expl3-code.tex"
Package: expl3 2020-01-22 L3 programming layer (code)
\c_max_int=\count102
\l_tmpa_int=\count103
\l_tmpb_int=\count104
\g_tmpa_int=\count105
\g_tmpb_int=\count106
\l__seq_internal_a_int=\count107
\l__seq_internal_b_int=\count108
\g__kernel_prg_map_int=\count109
\c__ior_term_noprompt_ior=\count110
\c_log_iow=\count111
\l_iow_line_count_int=\count112
\l__iow_line_target_int=\count113
\l__iow_one_indent_int=\count114
\l__iow_indent_int=\count115
\c_zero_dim=\dimen124
\c_max_dim=\dimen125
\l_tmpa_dim=\dimen126
\l_tmpb_dim=\dimen127
\g_tmpa_dim=\dimen128
\g_tmpb_dim=\dimen129
\c_zero_skip=\skip52
\c_max_skip=\skip53
\l_tmpa_skip=\skip54
\l_tmpb_skip=\skip55
\g_tmpa_skip=\skip56
\g_tmpb_skip=\skip57
\c_zero_muskip=\muskip11
\c_max_muskip=\muskip12
\l_tmpa_muskip=\muskip13
\l_tmpb_muskip=\muskip14
\g_tmpa_muskip=\muskip15
\g_tmpb_muskip=\muskip16
\l_keys_choice_int=\count116
\l__intarray_loop_int=\count117
\c__intarray_sp_dim=\dimen130
\g__intarray_font_int=\count118
\c__fp_leading_shift_int=\count119
\c__fp_middle_shift_int=\count120
\c__fp_trailing_shift_int=\count121
\c__fp_big_leading_shift_int=\count122
\c__fp_big_middle_shift_int=\count123
\c__fp_big_trailing_shift_int=\count124
\c__fp_Bigg_leading_shift_int=\count125
\c__fp_Bigg_middle_shift_int=\count126
\c__fp_Bigg_trailing_shift_int=\count127
\c__kernel_randint_max_int=\count128
\g__fp_array_int=\count129
\l__fp_array_loop_int=\count130
\l__sort_length_int=\count131
\l__sort_min_int=\count132
\l__sort_top_int=\count133
\l__sort_max_int=\count134
\l__sort_true_max_int=\count135
\l__sort_block_int=\count136
\l__sort_begin_int=\count137
\l__sort_end_int=\count138
\l__sort_A_int=\count139
\l__sort_B_int=\count140
\l__sort_C_int=\count141
\l__str_internal_int=\count142
\c__str_replacement_char_int=\count143
\l__tl_analysis_normal_int=\count144
\l__tl_analysis_index_int=\count145
\l__tl_analysis_nesting_int=\count146
\l__tl_analysis_type_int=\count147
\l__regex_internal_a_int=\count148
\l__regex_internal_b_int=\count149
\l__regex_internal_c_int=\count150
\l__regex_balance_int=\count151
\l__regex_group_level_int=\count152
\l__regex_mode_int=\count153
\c__regex_cs_in_class_mode_int=\count154
\c__regex_cs_mode_int=\count155
\l__regex_catcodes_int=\count156
\l__regex_default_catcodes_int=\count157
\c__regex_catcode_D_int=\count158
\c__regex_catcode_S_int=\count159
\c__regex_catcode_L_int=\count160
\c__regex_catcode_O_int=\count161
\c__regex_catcode_A_int=\count162
\c__regex_all_catcodes_int=\count163
\l__regex_show_lines_int=\count164
\l__regex_min_state_int=\count165
\l__regex_max_state_int=\count166
\l__regex_left_state_int=\count167
\l__regex_right_state_int=\count168
\l__regex_capturing_group_int=\count169
\l__regex_min_pos_int=\count170
\l__regex_max_pos_int=\count171
\l__regex_curr_pos_int=\count172
\l__regex_start_pos_int=\count173
\l__regex_success_pos_int=\count174
\l__regex_curr_char_int=\count175
\l__regex_curr_catcode_int=\count176
\l__regex_last_char_int=\count177
\l__regex_case_changed_char_int=\count178
\l__regex_curr_state_int=\count179
\l__regex_step_int=\count180
\l__regex_min_active_int=\count181
\l__regex_max_active_int=\count182
\l__regex_replacement_csnames_int=\count183
\l__regex_match_count_int=\count184
\l__regex_min_submatch_int=\count185
\l__regex_submatch_int=\count186
\l__regex_zeroth_submatch_int=\count187
\g__regex_trace_regex_int=\count188
\c_empty_box=\box31
\l_tmpa_box=\box32
\l_tmpb_box=\box33
\g_tmpa_box=\box34
\g_tmpb_box=\box35
\l__box_top_dim=\dimen131
\l__box_bottom_dim=\dimen132
\l__box_left_dim=\dimen133
\l__box_right_dim=\dimen134
\l__box_top_new_dim=\dimen135
\l__box_bottom_new_dim=\dimen136
\l__box_left_new_dim=\dimen137
\l__box_right_new_dim=\dimen138
\l__box_internal_box=\box36
\l__coffin_internal_box=\box37
\l__coffin_internal_dim=\dimen139
\l__coffin_offset_x_dim=\dimen140
\l__coffin_offset_y_dim=\dimen141
\l__coffin_x_dim=\dimen142
\l__coffin_y_dim=\dimen143
\l__coffin_x_prime_dim=\dimen144
\l__coffin_y_prime_dim=\dimen145
\c_empty_coffin=\box38
\l__coffin_aligned_coffin=\box39
\l__coffin_aligned_internal_coffin=\box40
\l_tmpa_coffin=\box41
\l_tmpb_coffin=\box42
\g_tmpa_coffin=\box43
\g_tmpb_coffin=\box44
\l__coffin_bounding_shift_dim=\dimen146
\l__coffin_left_corner_dim=\dimen147
\l__coffin_right_corner_dim=\dimen148
\l__coffin_bottom_corner_dim=\dimen149
\l__coffin_top_corner_dim=\dimen150
\l__coffin_scaled_total_height_dim=\dimen151
\l__coffin_scaled_width_dim=\dimen152
\c__coffin_empty_coffin=\box45
\l__coffin_display_coffin=\box46
\l__coffin_display_coord_coffin=\box47
\l__coffin_display_pole_coffin=\box48
\l__coffin_display_offset_dim=\dimen153
\l__coffin_display_x_dim=\dimen154
\l__coffin_display_y_dim=\dimen155
\g__char_data_ior=\read2

("E:\Program Files (x86)\Miktex\tex/latex/l3kernel\l3deprecation.def"
File: l3deprecation.def 2019-04-06 v L3 Deprecated functions
))
("E:\Program Files (x86)\Miktex\tex/latex/l3backend\l3backend-pdfmode.def"
File: l3backend-pdfmode.def 2019-04-06 L3 backend support: PDF mode
\l__kernel_color_stack_int=\count189
\l__pdf_internal_box=\box49
))
("E:\Program Files (x86)\Miktex\tex/latex/l3packages/xparse\xparse.sty"
Package: xparse 2020-01-12 L3 Experimental document command parser
\l__xparse_current_arg_int=\count190
\g__xparse_grabber_int=\count191
\l__xparse_m_args_int=\count192
\l__xparse_v_nesting_int=\count193
)
Package: lipsum 2019/01/02 v2.2 150 paragraphs of Lorem Ipsum dummy text

("E:\Program Files (x86)\Miktex\tex/latex/lipsum\lipsum.ltd.tex"
File: lipsum.ltd.tex 2019/01/02 v2.2 The Lorem ipsum dummy text
))
("E:\Program Files (x86)\Miktex\tex/latex/xcolor\xcolor.sty"
Package: xcolor 2016/05/11 v2.12 LaTeX color extensions (UK)

("E:\Program Files (x86)\Miktex\tex/latex/graphics-cfg\color.cfg"
File: color.cfg 2016/01/02 v1.6 sample color configuration
)
Package xcolor Info: Driver file: pdftex.def on input line 225.
LaTeX Info: Redefining \color on input line 709.
Package xcolor Info: Model `cmy' substituted by `cmy0' on input line 1348.
Package xcolor Info: Model `hsb' substituted by `rgb' on input line 1352.
Package xcolor Info: Model `RGB' extended on input line 1364.
Package xcolor Info: Model `HTML' substituted by `rgb' on input line 1366.
Package xcolor Info: Model `Hsb' substituted by `hsb' on input line 1367.
Package xcolor Info: Model `tHsb' substituted by `hsb' on input line 1368.
Package xcolor Info: Model `HSB' substituted by `hsb' on input line 1369.
Package xcolor Info: Model `Gray' substituted by `gray' on input line 1370.
Package xcolor Info: Model `wave' substituted by `hsb' on input line 1371.

("E:\Program Files (x86)\Miktex\tex/latex/graphics\dvipsnam.def"
File: dvipsnam.def 2016/06/17 v3.0m Driver-dependent file (DPC,SPQR)
))
("E:\Program Files (x86)\Miktex\tex/latex/todonotes\todonotes.sty"
Package: todonotes 2019/01/24 v1.1.2 Todonotes source and documentation.
Package: todonotes 2018/11/22

("E:\Program Files (x86)\Miktex\tex/latex/pgf/frontendlayer\tikz.sty"
("E:\Program Files (x86)\Miktex\tex/latex/pgf/basiclayer\pgf.sty"
("E:\Program Files (x86)\Miktex\tex/latex/pgf/utilities\pgfrcs.sty"
("E:\Program Files (x86)\Miktex\tex/generic/pgf/utilities\pgfutil-common.tex"
\pgfutil@everybye=\toks24
\pgfutil@tempdima=\dimen156
\pgfutil@tempdimb=\dimen157

("E:\Program Files (x86)\Miktex\tex/generic/pgf/utilities\pgfutil-common-lists.
tex"))
("E:\Program Files (x86)\Miktex\tex/generic/pgf/utilities\pgfutil-latex.def"
\pgfutil@abb=\box50

("E:\Program Files (x86)\Miktex\tex/latex/ms\everyshi.sty"
Package: everyshi 2001/05/15 v3.00 EveryShipout Package (MS)
))
("E:\Program Files (x86)\Miktex\tex/generic/pgf/utilities\pgfrcs.code.tex"
("E:\Program Files (x86)\Miktex\tex/generic/pgf\pgf.revision.tex")
Package: pgfrcs 2020/01/08 v3.1.5b (3.1.5b)
))
Package: pgf 2020/01/08 v3.1.5b (3.1.5b)

("E:\Program Files (x86)\Miktex\tex/latex/pgf/basiclayer\pgfcore.sty"
("E:\Program Files (x86)\Miktex\tex/latex/pgf/systemlayer\pgfsys.sty"
("E:\Program Files (x86)\Miktex\tex/generic/pgf/systemlayer\pgfsys.code.tex"
Package: pgfsys 2020/01/08 v3.1.5b (3.1.5b)

("E:\Program Files (x86)\Miktex\tex/generic/pgf/utilities\pgfkeys.code.tex"
\pgfkeys@pathtoks=\toks25
\pgfkeys@temptoks=\toks26

("E:\Program Files (x86)\Miktex\tex/generic/pgf/utilities\pgfkeysfiltered.code.
tex"
\pgfkeys@tmptoks=\toks27
))
\pgf@x=\dimen158
\pgf@y=\dimen159
\pgf@xa=\dimen160
\pgf@ya=\dimen161
\pgf@xb=\dimen162
\pgf@yb=\dimen163
\pgf@xc=\dimen164
\pgf@yc=\dimen165
\pgf@xd=\dimen166
\pgf@yd=\dimen167
\w@pgf@writea=\write4
\r@pgf@reada=\read3
\c@pgf@counta=\count194
\c@pgf@countb=\count195
\c@pgf@countc=\count196
\c@pgf@countd=\count197
\t@pgf@toka=\toks28
\t@pgf@tokb=\toks29
\t@pgf@tokc=\toks30
\pgf@sys@id@count=\count198
 ("E:\Program Files (x86)\Miktex\tex/generic/pgf/systemlayer\pgf.cfg"
File: pgf.cfg 2020/01/08 v3.1.5b (3.1.5b)
)
Driver file for pgf: pgfsys-pdftex.def

("E:\Program Files (x86)\Miktex\tex/generic/pgf/systemlayer\pgfsys-pdftex.def"
File: pgfsys-pdftex.def 2020/01/08 v3.1.5b (3.1.5b)

("E:\Program Files (x86)\Miktex\tex/generic/pgf/systemlayer\pgfsys-common-pdf.d
ef"
File: pgfsys-common-pdf.def 2020/01/08 v3.1.5b (3.1.5b)
)))
("E:\Program Files (x86)\Miktex\tex/generic/pgf/systemlayer\pgfsyssoftpath.code
.tex"
File: pgfsyssoftpath.code.tex 2020/01/08 v3.1.5b (3.1.5b)
\pgfsyssoftpath@smallbuffer@items=\count199
\pgfsyssoftpath@bigbuffer@items=\count266
)
("E:\Program Files (x86)\Miktex\tex/generic/pgf/systemlayer\pgfsysprotocol.code
.tex"
File: pgfsysprotocol.code.tex 2020/01/08 v3.1.5b (3.1.5b)
))
("E:\Program Files (x86)\Miktex\tex/generic/pgf/basiclayer\pgfcore.code.tex"
Package: pgfcore 2020/01/08 v3.1.5b (3.1.5b)

("E:\Program Files (x86)\Miktex\tex/generic/pgf/math\pgfmath.code.tex"
("E:\Program Files (x86)\Miktex\tex/generic/pgf/math\pgfmathcalc.code.tex"
("E:\Program Files (x86)\Miktex\tex/generic/pgf/math\pgfmathutil.code.tex")
("E:\Program Files (x86)\Miktex\tex/generic/pgf/math\pgfmathparser.code.tex"
\pgfmath@dimen=\dimen168
\pgfmath@count=\count267
\pgfmath@box=\box51
\pgfmath@toks=\toks31
\pgfmath@stack@operand=\toks32
\pgfmath@stack@operation=\toks33
)
("E:\Program Files (x86)\Miktex\tex/generic/pgf/math\pgfmathfunctions.code.tex"

("E:\Program Files (x86)\Miktex\tex/generic/pgf/math\pgfmathfunctions.basic.cod
e.tex")
("E:\Program Files (x86)\Miktex\tex/generic/pgf/math\pgfmathfunctions.trigonome
tric.code.tex")
("E:\Program Files (x86)\Miktex\tex/generic/pgf/math\pgfmathfunctions.random.co
de.tex")
("E:\Program Files (x86)\Miktex\tex/generic/pgf/math\pgfmathfunctions.compariso
n.code.tex")
("E:\Program Files (x86)\Miktex\tex/generic/pgf/math\pgfmathfunctions.base.code
.tex")
("E:\Program Files (x86)\Miktex\tex/generic/pgf/math\pgfmathfunctions.round.cod
e.tex")
("E:\Program Files (x86)\Miktex\tex/generic/pgf/math\pgfmathfunctions.misc.code
.tex")
("E:\Program Files (x86)\Miktex\tex/generic/pgf/math\pgfmathfunctions.integerar
ithmetics.code.tex")))
("E:\Program Files (x86)\Miktex\tex/generic/pgf/math\pgfmathfloat.code.tex"
\c@pgfmathroundto@lastzeros=\count268
))
("E:\Program Files (x86)\Miktex\tex/generic/pgf/math\pgfint.code.tex")
("E:\Program Files (x86)\Miktex\tex/generic/pgf/basiclayer\pgfcorepoints.code.t
ex"
File: pgfcorepoints.code.tex 2020/01/08 v3.1.5b (3.1.5b)
\pgf@picminx=\dimen169
\pgf@picmaxx=\dimen170
\pgf@picminy=\dimen171
\pgf@picmaxy=\dimen172
\pgf@pathminx=\dimen173
\pgf@pathmaxx=\dimen174
\pgf@pathminy=\dimen175
\pgf@pathmaxy=\dimen176
\pgf@xx=\dimen177
\pgf@xy=\dimen178
\pgf@yx=\dimen179
\pgf@yy=\dimen180
\pgf@zx=\dimen181
\pgf@zy=\dimen182
)
("E:\Program Files (x86)\Miktex\tex/generic/pgf/basiclayer\pgfcorepathconstruct
.code.tex"
File: pgfcorepathconstruct.code.tex 2020/01/08 v3.1.5b (3.1.5b)
\pgf@path@lastx=\dimen183
\pgf@path@lasty=\dimen184
)
("E:\Program Files (x86)\Miktex\tex/generic/pgf/basiclayer\pgfcorepathusage.cod
e.tex"
File: pgfcorepathusage.code.tex 2020/01/08 v3.1.5b (3.1.5b)
\pgf@shorten@end@additional=\dimen185
\pgf@shorten@start@additional=\dimen186
)
("E:\Program Files (x86)\Miktex\tex/generic/pgf/basiclayer\pgfcorescopes.code.t
ex"
File: pgfcorescopes.code.tex 2020/01/08 v3.1.5b (3.1.5b)
\pgfpic=\box52
\pgf@hbox=\box53
\pgf@layerbox@main=\box54
\pgf@picture@serial@count=\count269
)
("E:\Program Files (x86)\Miktex\tex/generic/pgf/basiclayer\pgfcoregraphicstate.
code.tex"
File: pgfcoregraphicstate.code.tex 2020/01/08 v3.1.5b (3.1.5b)
\pgflinewidth=\dimen187
)
("E:\Program Files (x86)\Miktex\tex/generic/pgf/basiclayer\pgfcoretransformatio
ns.code.tex"
File: pgfcoretransformations.code.tex 2020/01/08 v3.1.5b (3.1.5b)
\pgf@pt@x=\dimen188
\pgf@pt@y=\dimen189
\pgf@pt@temp=\dimen190
)
("E:\Program Files (x86)\Miktex\tex/generic/pgf/basiclayer\pgfcorequick.code.te
x"
File: pgfcorequick.code.tex 2020/01/08 v3.1.5b (3.1.5b)
)
("E:\Program Files (x86)\Miktex\tex/generic/pgf/basiclayer\pgfcoreobjects.code.
tex"
File: pgfcoreobjects.code.tex 2020/01/08 v3.1.5b (3.1.5b)
)
("E:\Program Files (x86)\Miktex\tex/generic/pgf/basiclayer\pgfcorepathprocessin
g.code.tex"
File: pgfcorepathprocessing.code.tex 2020/01/08 v3.1.5b (3.1.5b)
)
("E:\Program Files (x86)\Miktex\tex/generic/pgf/basiclayer\pgfcorearrows.code.t
ex"
File: pgfcorearrows.code.tex 2020/01/08 v3.1.5b (3.1.5b)
\pgfarrowsep=\dimen191
)
("E:\Program Files (x86)\Miktex\tex/generic/pgf/basiclayer\pgfcoreshade.code.te
x"
File: pgfcoreshade.code.tex 2020/01/08 v3.1.5b (3.1.5b)
\pgf@max=\dimen192
\pgf@sys@shading@range@num=\count270
\pgf@shadingcount=\count271
)
("E:\Program Files (x86)\Miktex\tex/generic/pgf/basiclayer\pgfcoreimage.code.te
x"
File: pgfcoreimage.code.tex 2020/01/08 v3.1.5b (3.1.5b)

("E:\Program Files (x86)\Miktex\tex/generic/pgf/basiclayer\pgfcoreexternal.code
.tex"
File: pgfcoreexternal.code.tex 2020/01/08 v3.1.5b (3.1.5b)
\pgfexternal@startupbox=\box55
))
("E:\Program Files (x86)\Miktex\tex/generic/pgf/basiclayer\pgfcorelayers.code.t
ex"
File: pgfcorelayers.code.tex 2020/01/08 v3.1.5b (3.1.5b)
)
("E:\Program Files (x86)\Miktex\tex/generic/pgf/basiclayer\pgfcoretransparency.
code.tex"
File: pgfcoretransparency.code.tex 2020/01/08 v3.1.5b (3.1.5b)
)
("E:\Program Files (x86)\Miktex\tex/generic/pgf/basiclayer\pgfcorepatterns.code
.tex"
File: pgfcorepatterns.code.tex 2020/01/08 v3.1.5b (3.1.5b)
)
("E:\Program Files (x86)\Miktex\tex/generic/pgf/basiclayer\pgfcorerdf.code.tex"
File: pgfcorerdf.code.tex 2020/01/08 v3.1.5b (3.1.5b)
)))
("E:\Program Files (x86)\Miktex\tex/generic/pgf/modules\pgfmoduleshapes.code.te
x"
File: pgfmoduleshapes.code.tex 2020/01/08 v3.1.5b (3.1.5b)
\pgfnodeparttextbox=\box56
)
("E:\Program Files (x86)\Miktex\tex/generic/pgf/modules\pgfmoduleplot.code.tex"
File: pgfmoduleplot.code.tex 2020/01/08 v3.1.5b (3.1.5b)
)
("E:\Program Files (x86)\Miktex\tex/latex/pgf/compatibility\pgfcomp-version-0-6
5.sty"
Package: pgfcomp-version-0-65 2020/01/08 v3.1.5b (3.1.5b)
\pgf@nodesepstart=\dimen193
\pgf@nodesepend=\dimen194
)
("E:\Program Files (x86)\Miktex\tex/latex/pgf/compatibility\pgfcomp-version-1-1
8.sty"
Package: pgfcomp-version-1-18 2020/01/08 v3.1.5b (3.1.5b)
)) ("E:\Program Files (x86)\Miktex\tex/latex/pgf/utilities\pgffor.sty"
("E:\Program Files (x86)\Miktex\tex/latex/pgf/utilities\pgfkeys.sty"
("E:\Program Files (x86)\Miktex\tex/generic/pgf/utilities\pgfkeys.code.tex"))
("E:\Program Files (x86)\Miktex\tex/latex/pgf/math\pgfmath.sty"
("E:\Program Files (x86)\Miktex\tex/generic/pgf/math\pgfmath.code.tex"))
("E:\Program Files (x86)\Miktex\tex/generic/pgf/utilities\pgffor.code.tex"
Package: pgffor 2020/01/08 v3.1.5b (3.1.5b)

("E:\Program Files (x86)\Miktex\tex/generic/pgf/math\pgfmath.code.tex")
\pgffor@iter=\dimen195
\pgffor@skip=\dimen196
\pgffor@stack=\toks34
\pgffor@toks=\toks35
))
("E:\Program Files (x86)\Miktex\tex/generic/pgf/frontendlayer/tikz\tikz.code.te
x"
Package: tikz 2020/01/08 v3.1.5b (3.1.5b)

("E:\Program Files (x86)\Miktex\tex/generic/pgf/libraries\pgflibraryplothandler
s.code.tex"
File: pgflibraryplothandlers.code.tex 2020/01/08 v3.1.5b (3.1.5b)
\pgf@plot@mark@count=\count272
\pgfplotmarksize=\dimen197
)
\tikz@lastx=\dimen198
\tikz@lasty=\dimen199
\tikz@lastxsaved=\dimen256
\tikz@lastysaved=\dimen257
\tikz@lastmovetox=\dimen258
\tikz@lastmovetoy=\dimen259
\tikzleveldistance=\dimen260
\tikzsiblingdistance=\dimen261
\tikz@figbox=\box57
\tikz@figbox@bg=\box58
\tikz@tempbox=\box59
\tikz@tempbox@bg=\box60
\tikztreelevel=\count273
\tikznumberofchildren=\count274
\tikznumberofcurrentchild=\count275
\tikz@fig@count=\count276

("E:\Program Files (x86)\Miktex\tex/generic/pgf/modules\pgfmodulematrix.code.te
x"
File: pgfmodulematrix.code.tex 2020/01/08 v3.1.5b (3.1.5b)
\pgfmatrixcurrentrow=\count277
\pgfmatrixcurrentcolumn=\count278
\pgf@matrix@numberofcolumns=\count279
)
\tikz@expandcount=\count280

("E:\Program Files (x86)\Miktex\tex/generic/pgf/frontendlayer/tikz/libraries\ti
kzlibrarytopaths.code.tex"
File: tikzlibrarytopaths.code.tex 2020/01/08 v3.1.5b (3.1.5b)
)))
("E:\Program Files (x86)\Miktex\tex/generic/pgf/frontendlayer/tikz/libraries\ti
kzlibrarypositioning.code.tex"
File: tikzlibrarypositioning.code.tex 2020/01/08 v3.1.5b (3.1.5b)
)
("E:\Program Files (x86)\Miktex\tex/generic/pgf/frontendlayer/tikz/libraries\ti
kzlibraryshadows.code.tex"
File: tikzlibraryshadows.code.tex 2020/01/08 v3.1.5b (3.1.5b)

("E:\Program Files (x86)\Miktex\tex/generic/pgf/frontendlayer/tikz/libraries\ti
kzlibraryfadings.code.tex"
File: tikzlibraryfadings.code.tex 2020/01/08 v3.1.5b (3.1.5b)

("E:\Program Files (x86)\Miktex\tex/generic/pgf/libraries\pgflibraryfadings.cod
e.tex"
File: pgflibraryfadings.code.tex 2020/01/08 v3.1.5b (3.1.5b)
))) ("E:\Program Files (x86)\Miktex\tex/latex/tools\calc.sty"
Package: calc 2017/05/25 v4.3 Infix arithmetic (KKT,FJ)
\calc@Acount=\count281
\calc@Bcount=\count282
\calc@Adimen=\dimen262
\calc@Bdimen=\dimen263
\calc@Askip=\skip58
\calc@Bskip=\skip59
LaTeX Info: Redefining \setlength on input line 80.
LaTeX Info: Redefining \addtolength on input line 81.
\calc@Ccount=\count283
\calc@Cskip=\skip60
)
\c@@todonotes@numberoftodonotes=\count284
)
("E:\Program Files (x86)\Miktex\tex/latex/listings\listings.sty"
\lst@mode=\count285
\lst@gtempboxa=\box61
\lst@token=\toks36
\lst@length=\count286
\lst@currlwidth=\dimen264
\lst@column=\count287
\lst@pos=\count288
\lst@lostspace=\dimen265
\lst@width=\dimen266
\lst@newlines=\count289
\lst@lineno=\count290
\lst@maxwidth=\dimen267

("E:\Program Files (x86)\Miktex\tex/latex/listings\lstmisc.sty"
File: lstmisc.sty 2020/03/24 1.8d (Carsten Heinz)
\c@lstnumber=\count291
\lst@skipnumbers=\count292
\lst@framebox=\box62
)
("E:\Program Files (x86)\Miktex\tex/latex/listings\listings.cfg"
File: listings.cfg 2020/03/24 1.8d listings configuration
))
Package: listings 2020/03/24 1.8d (Carsten Heinz)
 (main.aux
(Chapters/Abstrakt.aux) (Chapters/Wstep.aux) (Chapters/Zagadnienia.aux)
(Chapters/Komponenty.aux) (Chapters/Projekt_rekawicy.aux)
(Chapters/Dedykowana_aplikacja.aux) (Chapters/Rozwoj.aux)
(Chapters/Podsumowanie.aux))
\openout1 = `main.aux'.

LaTeX Font Info:    Checking defaults for OML/cmm/m/it on input line 68.
LaTeX Font Info:    ... okay on input line 68.
LaTeX Font Info:    Checking defaults for T1/cmr/m/n on input line 68.
LaTeX Font Info:    ... okay on input line 68.
LaTeX Font Info:    Checking defaults for OT1/cmr/m/n on input line 68.
LaTeX Font Info:    ... okay on input line 68.
LaTeX Font Info:    Checking defaults for OMS/cmsy/m/n on input line 68.
LaTeX Font Info:    ... okay on input line 68.
LaTeX Font Info:    Checking defaults for OMX/cmex/m/n on input line 68.
LaTeX Font Info:    ... okay on input line 68.
LaTeX Font Info:    Checking defaults for U/cmr/m/n on input line 68.
LaTeX Font Info:    ... okay on input line 68.
LaTeX Font Info:    Trying to load font information for T1+ptm on input line 68
.

("E:\Program Files (x86)\Miktex\tex/latex/psnfss\t1ptm.fd"
File: t1ptm.fd 2001/06/04 font definitions for T1/ptm.
)
("E:\Program Files (x86)\Miktex\tex/context/base/mkii\supp-pdf.mkii"
[Loading MPS to PDF converter (version 2006.09.02).]
\scratchcounter=\count293
\scratchdimen=\dimen268
\scratchbox=\box63
\nofMPsegments=\count294
\nofMParguments=\count295
\everyMPshowfont=\toks37
\MPscratchCnt=\count296
\MPscratchDim=\dimen269
\MPnumerator=\count297
\makeMPintoPDFobject=\count298
\everyMPtoPDFconversion=\toks38
) ("E:\Program Files (x86)\Miktex\tex/latex/epstopdf-pkg\epstopdf-base.sty"
Package: epstopdf-base 2020-01-24 v2.11 Base part for package epstopdf
Package epstopdf-base Info: Redefining graphics rule for `.eps' on input line 4
85.
)
<head.jpg, id=28, 417.7206pt x 62.1522pt>
File: head.jpg Graphic file (type jpg)
<use head.jpg>
Package pdftex.def Info: head.jpg  used on input line 68.
(pdftex.def)             Requested size: 334.17693pt x 49.72182pt.
LaTeX Font Info:    Font shape `T1/ptm/bx/n' in size <17.28> not available
(Font)              Font shape `T1/ptm/b/n' tried instead on input line 68.
LaTeX Font Info:    Font shape `T1/ptm/bx/sc' in size <17.28> not available
(Font)              Font shape `T1/ptm/b/sc' tried instead on input line 68.
LaTeX Font Info:    Font shape `T1/ptm/bx/n' in size <14.4> not available
(Font)              Font shape `T1/ptm/b/n' tried instead on input line 68.
LaTeX Font Info:    Font shape `T1/ptm/bx/sc' in size <14.4> not available
(Font)              Font shape `T1/ptm/b/sc' tried instead on input line 68.
LaTeX Font Info:    Font shape `T1/ptm/bx/n' in size <20.74> not available
(Font)              Font shape `T1/ptm/b/n' tried instead on input line 68.
LaTeX Font Info:    External font `cmex10' loaded for size
(Font)              <12> on input line 68.
LaTeX Font Info:    External font `cmex10' loaded for size
(Font)              <8> on input line 68.
LaTeX Font Info:    External font `cmex10' loaded for size
(Font)              <6> on input line 68.
LaTeX Font Info:    Font shape `T1/ptm/bx/n' in size <12> not available
(Font)              Font shape `T1/ptm/b/n' tried instead on input line 68.
LaTeX Font Info:    Font shape `T1/ptm/bx/n' in size <10.95> not available
(Font)              Font shape `T1/ptm/b/n' tried instead on input line 68.

[1

{C:/Users/Kamil/AppData/Local/MiKTeX/2.9/pdftex/config/pdftex.map} <./head.jpg>
] [2]
LaTeX Font Info:    Font shape `T1/ptm/bx/n' in size <24.88> not available
(Font)              Font shape `T1/ptm/b/n' tried instead on input line 68.
 (main.toc [1


])
\tf@toc=\write5
\openout5 = `main.toc'.

 [2] [3]
\openout2 = `Chapters/Abstrakt.aux'.

 (Chapters/Abstrakt.tex
Overfull \hbox (3.57579pt too wide) in paragraph at lines 2--5
\T1/ptm/m/n/10.95 sko. Przed-sta-wiono te-ma-tyk¦ kon-tro-le-rów a tak»e r¦kawi
cy-kontrolera,
 []


Overfull \hbox (2.03128pt too wide) in paragraph at lines 2--5
\T1/ptm/m/n/10.95 ich roz-wi¡-za-nia. Na-st¦p-nie po-ka-zano wªa-sn¡ im-ple-men
-ta-cje r¦kawicy-
 []


Underfull \hbox (badness 10000) in paragraph at lines 2--5

 []

[4


]
Underfull \hbox (badness 10000) in paragraph at lines 9--12

 []

) [5]
\openout2 = `Chapters/Wstep.aux'.

 (Chapters/Wstep.tex)
Overfull \hbox (1.03365pt too wide) in paragraph at lines 8--68
[]\T1/ptm/m/n/12 Celem tej pracy jest stwo-rze-nie wªa-snego, uprosz-czo-nego k
ontrolera-r¦kawicy,
 []

[1



] [2] ("E:\Program Files (x86)\Miktex\tex/latex/ragged2e\ragged2e.sty"
Package: ragged2e 2019/07/28 v2.2 ragged2e Package (MS)

("E:\Program Files (x86)\Miktex\tex/latex/ms\everysel.sty"
Package: everysel 2011/10/28 v1.2 EverySelectfont Package (MS)

ABD: EverySelectfont initializing macros

LaTeX Warning: Command \selectfont   has changed.
               Check if current package is valid.

LaTeX Info: Redefining \selectfont on input line 126.
)
\CenteringLeftskip=\skip61
\RaggedLeftLeftskip=\skip62
\RaggedRightLeftskip=\skip63
\CenteringRightskip=\skip64
\RaggedLeftRightskip=\skip65
\RaggedRightRightskip=\skip66
\CenteringParfillskip=\skip67
\RaggedLeftParfillskip=\skip68
\RaggedRightParfillskip=\skip69
\JustifyingParfillskip=\skip70
\CenteringParindent=\skip71
\RaggedLeftParindent=\skip72
\RaggedRightParindent=\skip73
\JustifyingParindent=\skip74
)
Package caption Info: Begin \AtBeginDocument code.
Package caption Info: listings package is loaded.
Package caption Info: End \AtBeginDocument code.
 ABD: EveryShipout initializing macros

Package todonotes Warning: The length marginparwidth is less than 2cm and will 
most likely cause issues with the appearance of inserted todonotes. The issue c
an be solved by adding a line like \setlength {\marginparwidth }{2cm} prior to 
loading the todonotes package. on input line 68.

\c@lstlisting=\count299
\openout2 = `Chapters/Zagadnienia.aux'.

(Chapters/Zagadnienia.tex
Rozdzia\l  1.

Package Fancyhdr Warning: \headheight is too small (12.0pt): 
Make it at least 14.49998pt.
We now make it that large for the rest of the document.
This may cause the page layout to be inconsistent, however.

[3



]

Package Fancyhdr Warning: \headheight is too small (14.49998pt): 
Make it at least 15.13202pt.
We now make it that large for the rest of the document.
This may cause the page layout to be inconsistent, however.

[4]
<Images/rift.png, id=69, 782.925pt x 782.925pt>
File: Images/rift.png Graphic file (type png)
<use Images/rift.png>
Package pdftex.def Info: Images/rift.png  used on input line 14.
(pdftex.def)             Requested size: 175.49881pt x 175.49347pt.
<Images/vive.png, id=71, 602.25pt x 451.6875pt>
File: Images/vive.png Graphic file (type png)
<use Images/vive.png>
Package pdftex.def Info: Images/vive.png  used on input line 20.
(pdftex.def)             Requested size: 175.49881pt x 131.62698pt.
 [5] [6 <./Images/rift.png> <./Images/vive.png>] [7]) [8]
\openout2 = `Chapters/Komponenty.aux'.


(Chapters/Komponenty.tex
Rozdzia\l  2.
[9



]
LaTeX Font Info:    External font `cmex10' loaded for size
(Font)              <17.28> on input line 10.
 [10]
<Images/RPY.png, id=96, 682.04813pt x 477.28313pt>
File: Images/RPY.png Graphic file (type png)
<use Images/RPY.png>
Package pdftex.def Info: Images/RPY.png  used on input line 16.
(pdftex.def)             Requested size: 272.99881pt x 191.04095pt.
<Images/gimbal.png, id=97, 639.89063pt x 304.88907pt>
File: Images/gimbal.png Graphic file (type png)
<use Images/gimbal.png>
Package pdftex.def Info: Images/gimbal.png  used on input line 23.
(pdftex.def)             Requested size: 390.0pt x 185.82388pt.
 [11] [12 <./Images/RPY.png>] [13 <./Images/gimbal.png>] [14]) [15]
[16]
\openout2 = `Chapters/Projekt_rekawicy.aux'.

 (Chapters/Projekt_rekawicy.tex
Rozdzia\l  3.
LaTeX Font Info:    Trying to load font information for OMS+ptm on input line 1
0.
("E:\Program Files (x86)\Miktex\tex/latex/psnfss\omsptm.fd"
File: omsptm.fd 
)
LaTeX Font Info:    Font shape `OMS/ptm/m/n' in size <12> not available
(Font)              Font shape `OMS/cmsy/m/n' tried instead on input line 10.
 [17



]
<Images/arduino.png, id=122, 619.5948pt x 545.3976pt>
File: Images/arduino.png Graphic file (type png)
<use Images/arduino.png>
Package pdftex.def Info: Images/arduino.png  used on input line 22.
(pdftex.def)             Requested size: 309.79665pt x 272.69812pt.
LaTeX Font Info:    Trying to load font information for T1+pcr on input line 23
.

("E:\Program Files (x86)\Miktex\tex/latex/psnfss\t1pcr.fd"
File: t1pcr.fd 2001/06/04 font definitions for T1/pcr.
) [18] [19 <./Images/arduino.png>] [20] [21]
<Images/flex-sensor.png, id=138, 743.77875pt x 361.35pt>
File: Images/flex-sensor.png Graphic file (type png)
<use Images/flex-sensor.png>
Package pdftex.def Info: Images/flex-sensor.png  used on input line 38.
(pdftex.def)             Requested size: 483.45045pt x 234.87471pt.
 [22 <./Images/flex-sensor.png>]
<Images/oporniki.png, id=142, 387.69844pt x 347.79938pt>
File: Images/oporniki.png Graphic file (type png)
<use Images/oporniki.png>
Package pdftex.def Info: Images/oporniki.png  used on input line 51.
(pdftex.def)             Requested size: 252.00099pt x 226.06691pt.
<Images/v-divider.png, id=143, 220.825pt x 284.06125pt>
File: Images/v-divider.png Graphic file (type png)
<use Images/v-divider.png>
Package pdftex.def Info: Images/v-divider.png  used on input line 61.
(pdftex.def)             Requested size: 187.19833pt x 240.81602pt.
 [23 <./Images/oporniki.png>] [24 <./Images/v-divider.png>]
<Images/circuit.png, id=155, 569.12625pt x 373.395pt>
File: Images/circuit.png Graphic file (type png)
<use Images/circuit.png>
Package pdftex.def Info: Images/circuit.png  used on input line 80.
(pdftex.def)             Requested size: 390.0pt x 255.88228pt.
<Images/glove.png, id=156, 746.79pt x 984.67876pt>
File: Images/glove.png Graphic file (type png)
<use Images/glove.png>
Package pdftex.def Info: Images/glove.png  used on input line 88.
(pdftex.def)             Requested size: 261.3804pt x 344.64273pt.


LaTeX Warning: `h' float specifier changed to `ht'.

[25 <./Images/circuit.png>] [26 <./Images/glove.png>] [27] [28]
Overfull \hbox (10.02864pt too wide) in paragraph at lines 122--123
\T1/ptm/m/n/12 do-ª¡-czono wy-ma-gane bi-blio-teki dla po-praw-nej ob-sªugi wsz
yst-kich sen-so-rów. Pierw-
 []

[29] [30] ("E:\Program Files (x86)\Miktex\tex/latex/listings\lstlang1.sty"
File: lstlang1.sty 2020/03/24 1.8d listings language file
)
("E:\Program Files (x86)\Miktex\tex/latex/listings\lstlang1.sty"
File: lstlang1.sty 2020/03/24 1.8d listings language file
)
("E:\Program Files (x86)\Miktex\tex/latex/listings\lstmisc.sty"
File: lstmisc.sty 2020/03/24 1.8d (Carsten Heinz)
) [31] [32]
[33] [34] [35] [36]) [37]
\openout2 = `Chapters/Dedykowana_aplikacja.aux'.

 (Chapters/Dedykowana_aplikacja.tex
Rozdzia\l  4.
("E:\Program Files (x86)\Miktex\tex/latex/listings\lstlang1.sty"
File: lstlang1.sty 2020/03/24 1.8d listings language file
) [38



] [39]
<Images/UI1.png, id=205, 785.93625pt x 1659.19875pt>
File: Images/UI1.png Graphic file (type png)
<use Images/UI1.png>
Package pdftex.def Info: Images/UI1.png  used on input line 28.
(pdftex.def)             Requested size: 175.49881pt x 370.4934pt.
<Images/UI2.png, id=206, 785.93625pt x 1659.19875pt>
File: Images/UI2.png Graphic file (type png)
<use Images/UI2.png>
Package pdftex.def Info: Images/UI2.png  used on input line 34.
(pdftex.def)             Requested size: 175.49881pt x 370.4934pt.

[40 <./Images/UI1.png> <./Images/UI2.png>] [41] [42] [43] [44]
Overfull \hbox (18.94536pt too wide) in paragraph at lines 110--110
\T1/ptm/m/n/12 szym przy-padku jako pa-ra-metr typu \T1/ptm/m/it/12 String\T1/p
tm/m/n/12 , zo-staje po-dany ad-res \T1/ptm/m/it/12 D0:6B:F2:A7:95:03\T1/ptm/m/
n/12 ,
 []

[45] [46] [47] [48] [49] [50] [51]
<Images/OK.png, id=247, 225.84375pt x 346.29375pt>
File: Images/OK.png Graphic file (type png)
<use Images/OK.png>
Package pdftex.def Info: Images/OK.png  used on input line 216.
(pdftex.def)             Requested size: 85.80048pt x 131.56128pt.
<Images/PEACE.png, id=248, 225.84375pt x 346.29375pt>
File: Images/PEACE.png Graphic file (type png)
<use Images/PEACE.png>
Package pdftex.def Info: Images/PEACE.png  used on input line 222.
(pdftex.def)             Requested size: 85.80048pt x 131.56128pt.
<Images/MAHALO.png, id=249, 225.84375pt x 346.29375pt>
File: Images/MAHALO.png Graphic file (type png)
<use Images/MAHALO.png>
Package pdftex.def Info: Images/MAHALO.png  used on input line 228.
(pdftex.def)             Requested size: 85.80048pt x 131.56128pt.
<Images/FIST.png, id=250, 225.84375pt x 346.29375pt>
File: Images/FIST.png Graphic file (type png)
<use Images/FIST.png>
Package pdftex.def Info: Images/FIST.png  used on input line 234.
(pdftex.def)             Requested size: 85.80048pt x 131.56128pt.
 [52] [53 <./Images/OK.png> <./Images/PEACE.png> <./Images/MAHALO.png> <./Image
s/FIST.png>] [54] [55] [56] [57]
Overfull \hbox (3.71739pt too wide) in paragraph at lines 337--337
\T1/ptm/m/it/12 del-To-Node(ModelRenderable)\T1/ptm/m/n/12 , roz-po-czy-na-j¡c 
od spraw-dze-nia czy prze-ka-zany mo-
 []

[58] [59] [60] [61] [62] [63]) [64]
\openout2 = `Chapters/Rozwoj.aux'.

 (Chapters/Rozwoj.tex
Rozdzia\l  5.

Overfull \hbox (18.4533pt too wide) in paragraph at lines 3--4
\T1/ptm/m/n/12 stuje zbu-do-wany kon-tro-ler w celu ob-sªugi pod-sta-wo-wych fu
nk-cji r¦kawicy-kontrolera.
 []

[65



] [66] [67] [68]) [69]
\openout2 = `Chapters/Podsumowanie.aux'.

 (Chapters/Podsumowanie.tex) [70



] [71] (main.bbl
[72


] [73] [74]) [75] (main.lof)
\tf@lof=\write6
\openout6 = `main.lof'.

 [76

] (main.aux (Chapters/Abstrakt.aux)
(Chapters/Wstep.aux) (Chapters/Zagadnienia.aux) (Chapters/Komponenty.aux)
(Chapters/Projekt_rekawicy.aux) (Chapters/Dedykowana_aplikacja.aux)
(Chapters/Rozwoj.aux) (Chapters/Podsumowanie.aux)) ) 
Here is how much of TeX's memory you used:
 28206 strings out of 492482
 541845 string characters out of 3130125
 934934 words of memory out of 3000000
 32093 multiletter control sequences out of 15000+200000
 587606 words of font info for 73 fonts, out of 3000000 for 9000
 1141 hyphenation exceptions out of 8191
 68i,12n,103p,3596b,1905s stack positions out of 5000i,500n,10000p,200000b,50000s
{E:/Program Files (x86)/Mik
tex/fonts/enc/dvips/base/8r.enc}<E:/Program Files (x86)/Miktex/fonts/type1/publ
ic/amsfonts/cm/cmex10.pfb><E:/Program Files (x86)/Miktex/fonts/type1/public/ams
fonts/cm/cmmi12.pfb><E:/Program Files (x86)/Miktex/fonts/type1/public/amsfonts/
cm/cmmi8.pfb><E:/Program Files (x86)/Miktex/fonts/type1/public/amsfonts/cm/cmr1
0.pfb><E:/Program Files (x86)/Miktex/fonts/type1/public/amsfonts/cm/cmr12.pfb><
E:/Program Files (x86)/Miktex/fonts/type1/public/amsfonts/cm/cmr8.pfb><E:/Progr
am Files (x86)/Miktex/fonts/type1/public/amsfonts/cm/cmsy10.pfb><E:/Program Fil
es (x86)/Miktex/fonts/type1/urw/courier/ucrr8a.pfb><E:/Program Files (x86)/Mikt
ex/fonts/type1/urw/times/utmb8a.pfb><E:/Program Files (x86)/Miktex/fonts/type1/
urw/times/utmr8a.pfb><E:/Program Files (x86)/Miktex/fonts/type1/urw/times/utmr8
a.pfb><E:/Program Files (x86)/Miktex/fonts/type1/urw/times/utmri8a.pfb>
Output written on main.pdf (83 pages, 5215223 bytes).
PDF statistics:
 372 PDF objects out of 1000 (max. 8388607)
 0 named destinations out of 1000 (max. 500000)
 194 words of extra memory for PDF output out of 10000 (max. 10000000)

