This is pdfTeX, Version 3.14159265-2.6-1.40.20 (MiKTeX 2.9.7250 64-bit) (preloaded format=pdflatex 2020.1.28)  22 JUL 2020 19:33
entering extended mode
**./main.tex
(main.tex
LaTeX2e <2019-10-01> patch level 3
(pjatkThesis.cls
Document Class: pjatkThesis 2016/6/21 Thesis
("E:\Program Files (x86)\Miktex\tex/latex/base\inputenc.sty"
Package: inputenc 2018/08/11 v1.3c Input encoding file
\inpenc@prehook=\toks14
\inpenc@posthook=\toks15
)
("E:\Program Files (x86)\Miktex\tex/latex/base\fontenc.sty"
Package: fontenc 2018/08/11 v2.0j Standard LaTeX package

("E:\Program Files (x86)\Miktex\tex/latex/base\t1enc.def"
File: t1enc.def 2018/08/11 v2.0j Standard LaTeX file
LaTeX Font Info:    Redeclaring font encoding T1 on input line 48.
))
("E:\Program Files (x86)\Miktex\tex/latex/base\ifthen.sty"
Package: ifthen 2014/09/29 v1.1c Standard LaTeX ifthen package (DPC)
)
("E:\Program Files (x86)\Miktex\tex/latex/endnotes\endnotes.sty"
Package: endnotes 2020-01-02 endnotes package
\c@endnote=\count80
\endnotesep=\dimen102
\@enotes=\write3
)
("E:\Program Files (x86)\Miktex\tex/latex/fancyhdr\fancyhdr.sty"
Package: fancyhdr 2019/01/31 v3.10 Extensive control of page headers and footer
s
\f@nch@headwidth=\skip41
\f@nch@O@elh=\skip42
\f@nch@O@erh=\skip43
\f@nch@O@olh=\skip44
\f@nch@O@orh=\skip45
\f@nch@O@elf=\skip46
\f@nch@O@erf=\skip47
\f@nch@O@olf=\skip48
\f@nch@O@orf=\skip49
)
("E:\Program Files (x86)\Miktex\tex/latex/graphics\color.sty"
Package: color 2016/07/10 v1.1e Standard LaTeX Color (DPC)

("E:\Program Files (x86)\Miktex\tex/latex/graphics-cfg\color.cfg"
File: color.cfg 2016/01/02 v1.6 sample color configuration
)
Package color Info: Driver file: pdftex.def on input line 147.

("E:\Program Files (x86)\Miktex\tex/latex/graphics-def\pdftex.def"
File: pdftex.def 2018/01/08 v1.0l Graphics/color driver for pdftex
))
\c@@@tcount=\count81

("E:\Program Files (x86)\Miktex\tex/latex/base\report.cls"
Document Class: report 2019/10/25 v1.4k Standard LaTeX document class
("E:\Program Files (x86)\Miktex\tex/latex/base\size12.clo"
File: size12.clo 2019/10/25 v1.4k Standard LaTeX file (size option)
)
\c@part=\count82
\c@chapter=\count83
\c@section=\count84
\c@subsection=\count85
\c@subsubsection=\count86
\c@paragraph=\count87
\c@subparagraph=\count88
\c@figure=\count89
\c@table=\count90
\abovecaptionskip=\skip50
\belowcaptionskip=\skip51
\bibindent=\dimen103
))
("E:\Program Files (x86)\Miktex\tex/latex/url\url.sty"
\Urlmuskip=\muskip10
Package: url 2013/09/16  ver 3.4  Verb mode for urls, etc.
)
("E:\Program Files (x86)\Miktex\tex/latex/psnfss\times.sty"
Package: times 2005/04/12 PSNFSS-v9.2a (SPQR) 
)
("E:\Program Files (x86)\Miktex\tex/generic/babel\babel.sty"
Package: babel 2020/01/15 3.38 The Babel package

("E:\Program Files (x86)\Miktex\tex/generic/babel\switch.def"
File: switch.def 2020/01/15 3.38 Babel switching mechanism
)
*************************************
* Local config file bblopts.cfg used
*
("E:\Program Files (x86)\Miktex\tex/latex/arabi\bblopts.cfg"
File: bblopts.cfg 2005/09/08 v0.1 add Arabic and Farsi to "declared" options of
 babel
)
("E:\Program Files (x86)\Miktex\tex/latex/babel-polish\polish.ldf"
Language: polish 2005/03/31 v1.2l Polish support from the babel system

("E:\Program Files (x86)\Miktex\tex/generic/babel\babel.def"
File: babel.def 2020/01/15 3.38 Babel common definitions
\babel@savecnt=\count91
\U@D=\dimen104

("E:\Program Files (x86)\Miktex\tex/generic/babel\txtbabel.def")
\bbl@readstream=\read1
\bbl@dirlevel=\count92
)
Package babel Info: Making " an active character on input line 83.
\pl@left=\dimen105
\pl@down=\dimen106
\pl@right=\dimen107
\pl@temp=\dimen108
)
("E:\Program Files (x86)\Miktex\tex/latex/babel-english\english.ldf"
Language: english 2017/06/06 v3.3r English support from the babel system
Package babel Info: \l@canadian = using hyphenrules for english
(babel)             (\language0) on input line 102.
Package babel Info: \l@australian = using hyphenrules for ukenglish
(babel)             (\language72) on input line 105.
Package babel Info: \l@newzealand = using hyphenrules for ukenglish
(babel)             (\language72) on input line 108.
))
("E:\Program Files (x86)\Miktex\tex/latex/graphics\graphicx.sty"
Package: graphicx 2017/06/01 v1.1a Enhanced LaTeX Graphics (DPC,SPQR)

("E:\Program Files (x86)\Miktex\tex/latex/graphics\keyval.sty"
Package: keyval 2014/10/28 v1.15 key=value parser (DPC)
\KV@toks@=\toks16
)
("E:\Program Files (x86)\Miktex\tex/latex/graphics\graphics.sty"
Package: graphics 2019/11/01 v1.3d Standard LaTeX Graphics (DPC,SPQR)

("E:\Program Files (x86)\Miktex\tex/latex/graphics\trig.sty"
Package: trig 2016/01/03 v1.10 sin cos tan (DPC)
)
("E:\Program Files (x86)\Miktex\tex/latex/graphics-cfg\graphics.cfg"
File: graphics.cfg 2016/06/04 v1.11 sample graphics configuration
)
Package graphics Info: Driver file: pdftex.def on input line 105.
)
\Gin@req@height=\dimen109
\Gin@req@width=\dimen110
)
("E:\Program Files (x86)\Miktex\tex/latex/wrapfig\wrapfig.sty"
\wrapoverhang=\dimen111
\WF@size=\dimen112
\c@WF@wrappedlines=\count93
\WF@box=\box27
\WF@everypar=\toks17
Package: wrapfig 2003/01/31  v 3.6
)
("E:\Program Files (x86)\Miktex\tex/latex/base\makeidx.sty"
Package: makeidx 2014/09/29 v1.0m Standard LaTeX package
)
("E:\Program Files (x86)\Miktex\tex/latex/xargs\xargs.sty"
Package: xargs 2008/03/22 v1.1  extended macro definitions  (mpg)

("E:\Program Files (x86)\Miktex\tex/latex/xkeyval\xkeyval.sty"
Package: xkeyval 2014/12/03 v2.7a package option processing (HA)

("E:\Program Files (x86)\Miktex\tex/generic/xkeyval\xkeyval.tex"
("E:\Program Files (x86)\Miktex\tex/generic/xkeyval\xkvutils.tex"
\XKV@toks=\toks18
\XKV@tempa@toks=\toks19
)
\XKV@depth=\count94
File: xkeyval.tex 2014/12/03 v2.7a key=value parser (HA)
))
\xargs@max=\count95
\xargs@toksa=\toks20
\xargs@toksb=\toks21
)
("E:\Program Files (x86)\Miktex\tex/latex/lipsum\lipsum.sty"
("E:\Program Files (x86)\Miktex\tex/latex/l3kernel\expl3.sty"
Package: expl3 2020-01-22 L3 programming layer (loader) 

("E:\Program Files (x86)\Miktex\tex/latex/l3kernel\expl3-code.tex"
Package: expl3 2020-01-22 L3 programming layer (code)
\c_max_int=\count96
\l_tmpa_int=\count97
\l_tmpb_int=\count98
\g_tmpa_int=\count99
\g_tmpb_int=\count100
\l__seq_internal_a_int=\count101
\l__seq_internal_b_int=\count102
\g__kernel_prg_map_int=\count103
\c__ior_term_noprompt_ior=\count104
\c_log_iow=\count105
\l_iow_line_count_int=\count106
\l__iow_line_target_int=\count107
\l__iow_one_indent_int=\count108
\l__iow_indent_int=\count109
\c_zero_dim=\dimen113
\c_max_dim=\dimen114
\l_tmpa_dim=\dimen115
\l_tmpb_dim=\dimen116
\g_tmpa_dim=\dimen117
\g_tmpb_dim=\dimen118
\c_zero_skip=\skip52
\c_max_skip=\skip53
\l_tmpa_skip=\skip54
\l_tmpb_skip=\skip55
\g_tmpa_skip=\skip56
\g_tmpb_skip=\skip57
\c_zero_muskip=\muskip11
\c_max_muskip=\muskip12
\l_tmpa_muskip=\muskip13
\l_tmpb_muskip=\muskip14
\g_tmpa_muskip=\muskip15
\g_tmpb_muskip=\muskip16
\l_keys_choice_int=\count110
\l__intarray_loop_int=\count111
\c__intarray_sp_dim=\dimen119
\g__intarray_font_int=\count112
\c__fp_leading_shift_int=\count113
\c__fp_middle_shift_int=\count114
\c__fp_trailing_shift_int=\count115
\c__fp_big_leading_shift_int=\count116
\c__fp_big_middle_shift_int=\count117
\c__fp_big_trailing_shift_int=\count118
\c__fp_Bigg_leading_shift_int=\count119
\c__fp_Bigg_middle_shift_int=\count120
\c__fp_Bigg_trailing_shift_int=\count121
\c__kernel_randint_max_int=\count122
\g__fp_array_int=\count123
\l__fp_array_loop_int=\count124
\l__sort_length_int=\count125
\l__sort_min_int=\count126
\l__sort_top_int=\count127
\l__sort_max_int=\count128
\l__sort_true_max_int=\count129
\l__sort_block_int=\count130
\l__sort_begin_int=\count131
\l__sort_end_int=\count132
\l__sort_A_int=\count133
\l__sort_B_int=\count134
\l__sort_C_int=\count135
\l__str_internal_int=\count136
\c__str_replacement_char_int=\count137
\l__tl_analysis_normal_int=\count138
\l__tl_analysis_index_int=\count139
\l__tl_analysis_nesting_int=\count140
\l__tl_analysis_type_int=\count141
\l__regex_internal_a_int=\count142
\l__regex_internal_b_int=\count143
\l__regex_internal_c_int=\count144
\l__regex_balance_int=\count145
\l__regex_group_level_int=\count146
\l__regex_mode_int=\count147
\c__regex_cs_in_class_mode_int=\count148
\c__regex_cs_mode_int=\count149
\l__regex_catcodes_int=\count150
\l__regex_default_catcodes_int=\count151
\c__regex_catcode_D_int=\count152
\c__regex_catcode_S_int=\count153
\c__regex_catcode_L_int=\count154
\c__regex_catcode_O_int=\count155
\c__regex_catcode_A_int=\count156
\c__regex_all_catcodes_int=\count157
\l__regex_show_lines_int=\count158
\l__regex_min_state_int=\count159
\l__regex_max_state_int=\count160
\l__regex_left_state_int=\count161
\l__regex_right_state_int=\count162
\l__regex_capturing_group_int=\count163
\l__regex_min_pos_int=\count164
\l__regex_max_pos_int=\count165
\l__regex_curr_pos_int=\count166
\l__regex_start_pos_int=\count167
\l__regex_success_pos_int=\count168
\l__regex_curr_char_int=\count169
\l__regex_curr_catcode_int=\count170
\l__regex_last_char_int=\count171
\l__regex_case_changed_char_int=\count172
\l__regex_curr_state_int=\count173
\l__regex_step_int=\count174
\l__regex_min_active_int=\count175
\l__regex_max_active_int=\count176
\l__regex_replacement_csnames_int=\count177
\l__regex_match_count_int=\count178
\l__regex_min_submatch_int=\count179
\l__regex_submatch_int=\count180
\l__regex_zeroth_submatch_int=\count181
\g__regex_trace_regex_int=\count182
\c_empty_box=\box28
\l_tmpa_box=\box29
\l_tmpb_box=\box30
\g_tmpa_box=\box31
\g_tmpb_box=\box32
\l__box_top_dim=\dimen120
\l__box_bottom_dim=\dimen121
\l__box_left_dim=\dimen122
\l__box_right_dim=\dimen123
\l__box_top_new_dim=\dimen124
\l__box_bottom_new_dim=\dimen125
\l__box_left_new_dim=\dimen126
\l__box_right_new_dim=\dimen127
\l__box_internal_box=\box33
\l__coffin_internal_box=\box34
\l__coffin_internal_dim=\dimen128
\l__coffin_offset_x_dim=\dimen129
\l__coffin_offset_y_dim=\dimen130
\l__coffin_x_dim=\dimen131
\l__coffin_y_dim=\dimen132
\l__coffin_x_prime_dim=\dimen133
\l__coffin_y_prime_dim=\dimen134
\c_empty_coffin=\box35
\l__coffin_aligned_coffin=\box36
\l__coffin_aligned_internal_coffin=\box37
\l_tmpa_coffin=\box38
\l_tmpb_coffin=\box39
\g_tmpa_coffin=\box40
\g_tmpb_coffin=\box41
\l__coffin_bounding_shift_dim=\dimen135
\l__coffin_left_corner_dim=\dimen136
\l__coffin_right_corner_dim=\dimen137
\l__coffin_bottom_corner_dim=\dimen138
\l__coffin_top_corner_dim=\dimen139
\l__coffin_scaled_total_height_dim=\dimen140
\l__coffin_scaled_width_dim=\dimen141
\c__coffin_empty_coffin=\box42
\l__coffin_display_coffin=\box43
\l__coffin_display_coord_coffin=\box44
\l__coffin_display_pole_coffin=\box45
\l__coffin_display_offset_dim=\dimen142
\l__coffin_display_x_dim=\dimen143
\l__coffin_display_y_dim=\dimen144
\g__char_data_ior=\read2

("E:\Program Files (x86)\Miktex\tex/latex/l3kernel\l3deprecation.def"
File: l3deprecation.def 2019-04-06 v L3 Deprecated functions
))
("E:\Program Files (x86)\Miktex\tex/latex/l3backend\l3backend-pdfmode.def"
File: l3backend-pdfmode.def 2019-04-06 L3 backend support: PDF mode
\l__kernel_color_stack_int=\count183
\l__pdf_internal_box=\box46
))
("E:\Program Files (x86)\Miktex\tex/latex/l3packages/xparse\xparse.sty"
Package: xparse 2020-01-12 L3 Experimental document command parser
\l__xparse_current_arg_int=\count184
\g__xparse_grabber_int=\count185
\l__xparse_m_args_int=\count186
\l__xparse_v_nesting_int=\count187
)
Package: lipsum 2019/01/02 v2.2 150 paragraphs of Lorem Ipsum dummy text

("E:\Program Files (x86)\Miktex\tex/latex/lipsum\lipsum.ltd.tex"
File: lipsum.ltd.tex 2019/01/02 v2.2 The Lorem ipsum dummy text
))
("E:\Program Files (x86)\Miktex\tex/latex/xcolor\xcolor.sty"
Package: xcolor 2016/05/11 v2.12 LaTeX color extensions (UK)

("E:\Program Files (x86)\Miktex\tex/latex/graphics-cfg\color.cfg"
File: color.cfg 2016/01/02 v1.6 sample color configuration
)
Package xcolor Info: Driver file: pdftex.def on input line 225.
LaTeX Info: Redefining \color on input line 709.
Package xcolor Info: Model `cmy' substituted by `cmy0' on input line 1348.
Package xcolor Info: Model `hsb' substituted by `rgb' on input line 1352.
Package xcolor Info: Model `RGB' extended on input line 1364.
Package xcolor Info: Model `HTML' substituted by `rgb' on input line 1366.
Package xcolor Info: Model `Hsb' substituted by `hsb' on input line 1367.
Package xcolor Info: Model `tHsb' substituted by `hsb' on input line 1368.
Package xcolor Info: Model `HSB' substituted by `hsb' on input line 1369.
Package xcolor Info: Model `Gray' substituted by `gray' on input line 1370.
Package xcolor Info: Model `wave' substituted by `hsb' on input line 1371.

("E:\Program Files (x86)\Miktex\tex/latex/graphics\dvipsnam.def"
File: dvipsnam.def 2016/06/17 v3.0m Driver-dependent file (DPC,SPQR)
))
("E:\Program Files (x86)\Miktex\tex/latex/todonotes\todonotes.sty"
Package: todonotes 2019/01/24 v1.1.2 Todonotes source and documentation.
Package: todonotes 2018/11/22

("E:\Program Files (x86)\Miktex\tex/latex/pgf/frontendlayer\tikz.sty"
("E:\Program Files (x86)\Miktex\tex/latex/pgf/basiclayer\pgf.sty"
("E:\Program Files (x86)\Miktex\tex/latex/pgf/utilities\pgfrcs.sty"
("E:\Program Files (x86)\Miktex\tex/generic/pgf/utilities\pgfutil-common.tex"
\pgfutil@everybye=\toks22
\pgfutil@tempdima=\dimen145
\pgfutil@tempdimb=\dimen146

("E:\Program Files (x86)\Miktex\tex/generic/pgf/utilities\pgfutil-common-lists.
tex"))
("E:\Program Files (x86)\Miktex\tex/generic/pgf/utilities\pgfutil-latex.def"
\pgfutil@abb=\box47

("E:\Program Files (x86)\Miktex\tex/latex/ms\everyshi.sty"
Package: everyshi 2001/05/15 v3.00 EveryShipout Package (MS)
))
("E:\Program Files (x86)\Miktex\tex/generic/pgf/utilities\pgfrcs.code.tex"
("E:\Program Files (x86)\Miktex\tex/generic/pgf\pgf.revision.tex")
Package: pgfrcs 2020/01/08 v3.1.5b (3.1.5b)
))
Package: pgf 2020/01/08 v3.1.5b (3.1.5b)

("E:\Program Files (x86)\Miktex\tex/latex/pgf/basiclayer\pgfcore.sty"
("E:\Program Files (x86)\Miktex\tex/latex/pgf/systemlayer\pgfsys.sty"
("E:\Program Files (x86)\Miktex\tex/generic/pgf/systemlayer\pgfsys.code.tex"
Package: pgfsys 2020/01/08 v3.1.5b (3.1.5b)

("E:\Program Files (x86)\Miktex\tex/generic/pgf/utilities\pgfkeys.code.tex"
\pgfkeys@pathtoks=\toks23
\pgfkeys@temptoks=\toks24

("E:\Program Files (x86)\Miktex\tex/generic/pgf/utilities\pgfkeysfiltered.code.
tex"
\pgfkeys@tmptoks=\toks25
))
\pgf@x=\dimen147
\pgf@y=\dimen148
\pgf@xa=\dimen149
\pgf@ya=\dimen150
\pgf@xb=\dimen151
\pgf@yb=\dimen152
\pgf@xc=\dimen153
\pgf@yc=\dimen154
\pgf@xd=\dimen155
\pgf@yd=\dimen156
\w@pgf@writea=\write4
\r@pgf@reada=\read3
\c@pgf@counta=\count188
\c@pgf@countb=\count189
\c@pgf@countc=\count190
\c@pgf@countd=\count191
\t@pgf@toka=\toks26
\t@pgf@tokb=\toks27
\t@pgf@tokc=\toks28
\pgf@sys@id@count=\count192
 ("E:\Program Files (x86)\Miktex\tex/generic/pgf/systemlayer\pgf.cfg"
File: pgf.cfg 2020/01/08 v3.1.5b (3.1.5b)
)
Driver file for pgf: pgfsys-pdftex.def

("E:\Program Files (x86)\Miktex\tex/generic/pgf/systemlayer\pgfsys-pdftex.def"
File: pgfsys-pdftex.def 2020/01/08 v3.1.5b (3.1.5b)

("E:\Program Files (x86)\Miktex\tex/generic/pgf/systemlayer\pgfsys-common-pdf.d
ef"
File: pgfsys-common-pdf.def 2020/01/08 v3.1.5b (3.1.5b)
)))
("E:\Program Files (x86)\Miktex\tex/generic/pgf/systemlayer\pgfsyssoftpath.code
.tex"
File: pgfsyssoftpath.code.tex 2020/01/08 v3.1.5b (3.1.5b)
\pgfsyssoftpath@smallbuffer@items=\count193
\pgfsyssoftpath@bigbuffer@items=\count194
)
("E:\Program Files (x86)\Miktex\tex/generic/pgf/systemlayer\pgfsysprotocol.code
.tex"
File: pgfsysprotocol.code.tex 2020/01/08 v3.1.5b (3.1.5b)
))
("E:\Program Files (x86)\Miktex\tex/generic/pgf/basiclayer\pgfcore.code.tex"
Package: pgfcore 2020/01/08 v3.1.5b (3.1.5b)

("E:\Program Files (x86)\Miktex\tex/generic/pgf/math\pgfmath.code.tex"
("E:\Program Files (x86)\Miktex\tex/generic/pgf/math\pgfmathcalc.code.tex"
("E:\Program Files (x86)\Miktex\tex/generic/pgf/math\pgfmathutil.code.tex")
("E:\Program Files (x86)\Miktex\tex/generic/pgf/math\pgfmathparser.code.tex"
\pgfmath@dimen=\dimen157
\pgfmath@count=\count195
\pgfmath@box=\box48
\pgfmath@toks=\toks29
\pgfmath@stack@operand=\toks30
\pgfmath@stack@operation=\toks31
)
("E:\Program Files (x86)\Miktex\tex/generic/pgf/math\pgfmathfunctions.code.tex"

("E:\Program Files (x86)\Miktex\tex/generic/pgf/math\pgfmathfunctions.basic.cod
e.tex")
("E:\Program Files (x86)\Miktex\tex/generic/pgf/math\pgfmathfunctions.trigonome
tric.code.tex")
("E:\Program Files (x86)\Miktex\tex/generic/pgf/math\pgfmathfunctions.random.co
de.tex")
("E:\Program Files (x86)\Miktex\tex/generic/pgf/math\pgfmathfunctions.compariso
n.code.tex")
("E:\Program Files (x86)\Miktex\tex/generic/pgf/math\pgfmathfunctions.base.code
.tex")
("E:\Program Files (x86)\Miktex\tex/generic/pgf/math\pgfmathfunctions.round.cod
e.tex")
("E:\Program Files (x86)\Miktex\tex/generic/pgf/math\pgfmathfunctions.misc.code
.tex")
("E:\Program Files (x86)\Miktex\tex/generic/pgf/math\pgfmathfunctions.integerar
ithmetics.code.tex")))
("E:\Program Files (x86)\Miktex\tex/generic/pgf/math\pgfmathfloat.code.tex"
\c@pgfmathroundto@lastzeros=\count196
))
("E:\Program Files (x86)\Miktex\tex/generic/pgf/math\pgfint.code.tex")
("E:\Program Files (x86)\Miktex\tex/generic/pgf/basiclayer\pgfcorepoints.code.t
ex"
File: pgfcorepoints.code.tex 2020/01/08 v3.1.5b (3.1.5b)
\pgf@picminx=\dimen158
\pgf@picmaxx=\dimen159
\pgf@picminy=\dimen160
\pgf@picmaxy=\dimen161
\pgf@pathminx=\dimen162
\pgf@pathmaxx=\dimen163
\pgf@pathminy=\dimen164
\pgf@pathmaxy=\dimen165
\pgf@xx=\dimen166
\pgf@xy=\dimen167
\pgf@yx=\dimen168
\pgf@yy=\dimen169
\pgf@zx=\dimen170
\pgf@zy=\dimen171
)
("E:\Program Files (x86)\Miktex\tex/generic/pgf/basiclayer\pgfcorepathconstruct
.code.tex"
File: pgfcorepathconstruct.code.tex 2020/01/08 v3.1.5b (3.1.5b)
\pgf@path@lastx=\dimen172
\pgf@path@lasty=\dimen173
)
("E:\Program Files (x86)\Miktex\tex/generic/pgf/basiclayer\pgfcorepathusage.cod
e.tex"
File: pgfcorepathusage.code.tex 2020/01/08 v3.1.5b (3.1.5b)
\pgf@shorten@end@additional=\dimen174
\pgf@shorten@start@additional=\dimen175
)
("E:\Program Files (x86)\Miktex\tex/generic/pgf/basiclayer\pgfcorescopes.code.t
ex"
File: pgfcorescopes.code.tex 2020/01/08 v3.1.5b (3.1.5b)
\pgfpic=\box49
\pgf@hbox=\box50
\pgf@layerbox@main=\box51
\pgf@picture@serial@count=\count197
)
("E:\Program Files (x86)\Miktex\tex/generic/pgf/basiclayer\pgfcoregraphicstate.
code.tex"
File: pgfcoregraphicstate.code.tex 2020/01/08 v3.1.5b (3.1.5b)
\pgflinewidth=\dimen176
)
("E:\Program Files (x86)\Miktex\tex/generic/pgf/basiclayer\pgfcoretransformatio
ns.code.tex"
File: pgfcoretransformations.code.tex 2020/01/08 v3.1.5b (3.1.5b)
\pgf@pt@x=\dimen177
\pgf@pt@y=\dimen178
\pgf@pt@temp=\dimen179
)
("E:\Program Files (x86)\Miktex\tex/generic/pgf/basiclayer\pgfcorequick.code.te
x"
File: pgfcorequick.code.tex 2020/01/08 v3.1.5b (3.1.5b)
)
("E:\Program Files (x86)\Miktex\tex/generic/pgf/basiclayer\pgfcoreobjects.code.
tex"
File: pgfcoreobjects.code.tex 2020/01/08 v3.1.5b (3.1.5b)
)
("E:\Program Files (x86)\Miktex\tex/generic/pgf/basiclayer\pgfcorepathprocessin
g.code.tex"
File: pgfcorepathprocessing.code.tex 2020/01/08 v3.1.5b (3.1.5b)
)
("E:\Program Files (x86)\Miktex\tex/generic/pgf/basiclayer\pgfcorearrows.code.t
ex"
File: pgfcorearrows.code.tex 2020/01/08 v3.1.5b (3.1.5b)
\pgfarrowsep=\dimen180
)
("E:\Program Files (x86)\Miktex\tex/generic/pgf/basiclayer\pgfcoreshade.code.te
x"
File: pgfcoreshade.code.tex 2020/01/08 v3.1.5b (3.1.5b)
\pgf@max=\dimen181
\pgf@sys@shading@range@num=\count198
\pgf@shadingcount=\count199
)
("E:\Program Files (x86)\Miktex\tex/generic/pgf/basiclayer\pgfcoreimage.code.te
x"
File: pgfcoreimage.code.tex 2020/01/08 v3.1.5b (3.1.5b)

("E:\Program Files (x86)\Miktex\tex/generic/pgf/basiclayer\pgfcoreexternal.code
.tex"
File: pgfcoreexternal.code.tex 2020/01/08 v3.1.5b (3.1.5b)
\pgfexternal@startupbox=\box52
))
("E:\Program Files (x86)\Miktex\tex/generic/pgf/basiclayer\pgfcorelayers.code.t
ex"
File: pgfcorelayers.code.tex 2020/01/08 v3.1.5b (3.1.5b)
)
("E:\Program Files (x86)\Miktex\tex/generic/pgf/basiclayer\pgfcoretransparency.
code.tex"
File: pgfcoretransparency.code.tex 2020/01/08 v3.1.5b (3.1.5b)
)
("E:\Program Files (x86)\Miktex\tex/generic/pgf/basiclayer\pgfcorepatterns.code
.tex"
File: pgfcorepatterns.code.tex 2020/01/08 v3.1.5b (3.1.5b)
)
("E:\Program Files (x86)\Miktex\tex/generic/pgf/basiclayer\pgfcorerdf.code.tex"
File: pgfcorerdf.code.tex 2020/01/08 v3.1.5b (3.1.5b)
)))
("E:\Program Files (x86)\Miktex\tex/generic/pgf/modules\pgfmoduleshapes.code.te
x"
File: pgfmoduleshapes.code.tex 2020/01/08 v3.1.5b (3.1.5b)
\pgfnodeparttextbox=\box53
)
("E:\Program Files (x86)\Miktex\tex/generic/pgf/modules\pgfmoduleplot.code.tex"
File: pgfmoduleplot.code.tex 2020/01/08 v3.1.5b (3.1.5b)
)
("E:\Program Files (x86)\Miktex\tex/latex/pgf/compatibility\pgfcomp-version-0-6
5.sty"
Package: pgfcomp-version-0-65 2020/01/08 v3.1.5b (3.1.5b)
\pgf@nodesepstart=\dimen182
\pgf@nodesepend=\dimen183
)
("E:\Program Files (x86)\Miktex\tex/latex/pgf/compatibility\pgfcomp-version-1-1
8.sty"
Package: pgfcomp-version-1-18 2020/01/08 v3.1.5b (3.1.5b)
)) ("E:\Program Files (x86)\Miktex\tex/latex/pgf/utilities\pgffor.sty"
("E:\Program Files (x86)\Miktex\tex/latex/pgf/utilities\pgfkeys.sty"
("E:\Program Files (x86)\Miktex\tex/generic/pgf/utilities\pgfkeys.code.tex"))
("E:\Program Files (x86)\Miktex\tex/latex/pgf/math\pgfmath.sty"
("E:\Program Files (x86)\Miktex\tex/generic/pgf/math\pgfmath.code.tex"))
("E:\Program Files (x86)\Miktex\tex/generic/pgf/utilities\pgffor.code.tex"
Package: pgffor 2020/01/08 v3.1.5b (3.1.5b)

("E:\Program Files (x86)\Miktex\tex/generic/pgf/math\pgfmath.code.tex")
\pgffor@iter=\dimen184
\pgffor@skip=\dimen185
\pgffor@stack=\toks32
\pgffor@toks=\toks33
))
("E:\Program Files (x86)\Miktex\tex/generic/pgf/frontendlayer/tikz\tikz.code.te
x"
Package: tikz 2020/01/08 v3.1.5b (3.1.5b)

("E:\Program Files (x86)\Miktex\tex/generic/pgf/libraries\pgflibraryplothandler
s.code.tex"
File: pgflibraryplothandlers.code.tex 2020/01/08 v3.1.5b (3.1.5b)
\pgf@plot@mark@count=\count266
\pgfplotmarksize=\dimen186
)
\tikz@lastx=\dimen187
\tikz@lasty=\dimen188
\tikz@lastxsaved=\dimen189
\tikz@lastysaved=\dimen190
\tikz@lastmovetox=\dimen191
\tikz@lastmovetoy=\dimen192
\tikzleveldistance=\dimen193
\tikzsiblingdistance=\dimen194
\tikz@figbox=\box54
\tikz@figbox@bg=\box55
\tikz@tempbox=\box56
\tikz@tempbox@bg=\box57
\tikztreelevel=\count267
\tikznumberofchildren=\count268
\tikznumberofcurrentchild=\count269
\tikz@fig@count=\count270

("E:\Program Files (x86)\Miktex\tex/generic/pgf/modules\pgfmodulematrix.code.te
x"
File: pgfmodulematrix.code.tex 2020/01/08 v3.1.5b (3.1.5b)
\pgfmatrixcurrentrow=\count271
\pgfmatrixcurrentcolumn=\count272
\pgf@matrix@numberofcolumns=\count273
)
\tikz@expandcount=\count274

("E:\Program Files (x86)\Miktex\tex/generic/pgf/frontendlayer/tikz/libraries\ti
kzlibrarytopaths.code.tex"
File: tikzlibrarytopaths.code.tex 2020/01/08 v3.1.5b (3.1.5b)
)))
("E:\Program Files (x86)\Miktex\tex/generic/pgf/frontendlayer/tikz/libraries\ti
kzlibrarypositioning.code.tex"
File: tikzlibrarypositioning.code.tex 2020/01/08 v3.1.5b (3.1.5b)
)
("E:\Program Files (x86)\Miktex\tex/generic/pgf/frontendlayer/tikz/libraries\ti
kzlibraryshadows.code.tex"
File: tikzlibraryshadows.code.tex 2020/01/08 v3.1.5b (3.1.5b)

("E:\Program Files (x86)\Miktex\tex/generic/pgf/frontendlayer/tikz/libraries\ti
kzlibraryfadings.code.tex"
File: tikzlibraryfadings.code.tex 2020/01/08 v3.1.5b (3.1.5b)

("E:\Program Files (x86)\Miktex\tex/generic/pgf/libraries\pgflibraryfadings.cod
e.tex"
File: pgflibraryfadings.code.tex 2020/01/08 v3.1.5b (3.1.5b)
))) ("E:\Program Files (x86)\Miktex\tex/latex/tools\calc.sty"
Package: calc 2017/05/25 v4.3 Infix arithmetic (KKT,FJ)
\calc@Acount=\count275
\calc@Bcount=\count276
\calc@Adimen=\dimen195
\calc@Bdimen=\dimen196
\calc@Askip=\skip58
\calc@Bskip=\skip59
LaTeX Info: Redefining \setlength on input line 80.
LaTeX Info: Redefining \addtolength on input line 81.
\calc@Ccount=\count277
\calc@Cskip=\skip60
)
\c@@todonotes@numberoftodonotes=\count278
)
("E:\Program Files (x86)\Miktex\tex/latex/listings\listings.sty"
\lst@mode=\count279
\lst@gtempboxa=\box58
\lst@token=\toks34
\lst@length=\count280
\lst@currlwidth=\dimen197
\lst@column=\count281
\lst@pos=\count282
\lst@lostspace=\dimen198
\lst@width=\dimen199
\lst@newlines=\count283
\lst@lineno=\count284
\lst@maxwidth=\dimen256

("E:\Program Files (x86)\Miktex\tex/latex/listings\lstmisc.sty"
File: lstmisc.sty 2020/03/24 1.8d (Carsten Heinz)
\c@lstnumber=\count285
\lst@skipnumbers=\count286
\lst@framebox=\box59
)
("E:\Program Files (x86)\Miktex\tex/latex/listings\listings.cfg"
File: listings.cfg 2020/03/24 1.8d listings configuration
))
Package: listings 2020/03/24 1.8d (Carsten Heinz)
 (main.aux
(Chapters/Abstrakt.aux) (Chapters/Wstep.aux) (Chapters/Zagadnienia.aux)
(Chapters/Komponenty.aux) (Chapters/Projekt_rekawicy.aux)
(Chapters/Dedykowana_aplikacja.aux) (Chapters/Podsumowanie.aux)
(Chapters/_Rozdzial_I.aux))
\openout1 = `main.aux'.

LaTeX Font Info:    Checking defaults for OML/cmm/m/it on input line 56.
LaTeX Font Info:    ... okay on input line 56.
LaTeX Font Info:    Checking defaults for T1/cmr/m/n on input line 56.
LaTeX Font Info:    ... okay on input line 56.
LaTeX Font Info:    Checking defaults for OT1/cmr/m/n on input line 56.
LaTeX Font Info:    ... okay on input line 56.
LaTeX Font Info:    Checking defaults for OMS/cmsy/m/n on input line 56.
LaTeX Font Info:    ... okay on input line 56.
LaTeX Font Info:    Checking defaults for OMX/cmex/m/n on input line 56.
LaTeX Font Info:    ... okay on input line 56.
LaTeX Font Info:    Checking defaults for U/cmr/m/n on input line 56.
LaTeX Font Info:    ... okay on input line 56.
LaTeX Font Info:    Trying to load font information for T1+ptm on input line 56
.

("E:\Program Files (x86)\Miktex\tex/latex/psnfss\t1ptm.fd"
File: t1ptm.fd 2001/06/04 font definitions for T1/ptm.
)
("E:\Program Files (x86)\Miktex\tex/context/base/mkii\supp-pdf.mkii"
[Loading MPS to PDF converter (version 2006.09.02).]
\scratchcounter=\count287
\scratchdimen=\dimen257
\scratchbox=\box60
\nofMPsegments=\count288
\nofMParguments=\count289
\everyMPshowfont=\toks35
\MPscratchCnt=\count290
\MPscratchDim=\dimen258
\MPnumerator=\count291
\makeMPintoPDFobject=\count292
\everyMPtoPDFconversion=\toks36
) ("E:\Program Files (x86)\Miktex\tex/latex/epstopdf-pkg\epstopdf-base.sty"
Package: epstopdf-base 2020-01-24 v2.11 Base part for package epstopdf
Package epstopdf-base Info: Redefining graphics rule for `.eps' on input line 4
85.
)
<head.jpg, id=28, 417.7206pt x 62.1522pt>
File: head.jpg Graphic file (type jpg)
<use head.jpg>
Package pdftex.def Info: head.jpg  used on input line 56.
(pdftex.def)             Requested size: 334.17693pt x 49.72182pt.
LaTeX Font Info:    Font shape `T1/ptm/bx/n' in size <17.28> not available
(Font)              Font shape `T1/ptm/b/n' tried instead on input line 56.
LaTeX Font Info:    Font shape `T1/ptm/bx/sc' in size <17.28> not available
(Font)              Font shape `T1/ptm/b/sc' tried instead on input line 56.
LaTeX Font Info:    Font shape `T1/ptm/bx/n' in size <14.4> not available
(Font)              Font shape `T1/ptm/b/n' tried instead on input line 56.
LaTeX Font Info:    Font shape `T1/ptm/bx/sc' in size <14.4> not available
(Font)              Font shape `T1/ptm/b/sc' tried instead on input line 56.
LaTeX Font Info:    Font shape `T1/ptm/bx/n' in size <20.74> not available
(Font)              Font shape `T1/ptm/b/n' tried instead on input line 56.
LaTeX Font Info:    External font `cmex10' loaded for size
(Font)              <12> on input line 56.
LaTeX Font Info:    External font `cmex10' loaded for size
(Font)              <8> on input line 56.
LaTeX Font Info:    External font `cmex10' loaded for size
(Font)              <6> on input line 56.
LaTeX Font Info:    Font shape `T1/ptm/bx/n' in size <12> not available
(Font)              Font shape `T1/ptm/b/n' tried instead on input line 56.
LaTeX Font Info:    Font shape `T1/ptm/bx/n' in size <10.95> not available
(Font)              Font shape `T1/ptm/b/n' tried instead on input line 56.

[1

{C:/Users/Kamil/AppData/Local/MiKTeX/2.9/pdftex/config/pdftex.map} <./head.jpg>
] [2] ABD: EveryShipout initializing macros
\c@lstlisting=\count293
LaTeX Font Info:    Font shape `T1/ptm/bx/n' in size <24.88> not available
(Font)              Font shape `T1/ptm/b/n' tried instead on input line 58.
 (main.toc [1


])
\tf@toc=\write5
\openout5 = `main.toc'.

 [2] [3] (main.lof)
\tf@lof=\write6
\openout6 = `main.lof'.

[4


]
\openout2 = `Chapters/Abstrakt.aux'.

 (Chapters/Abstrakt.tex) [5

]
\openout2 = `Chapters/Wstep.aux'.

 (Chapters/Wstep.tex
Rozdzia\l  1.
[1



])
Underfull \hbox (badness 10000) in paragraph at lines 7--67

 []

[2]
\openout2 = `Chapters/Zagadnienia.aux'.

 (Chapters/Zagadnienia.tex
Rozdzia\l  2.
) [3



]
\openout2 = `Chapters/Komponenty.aux'.

 (Chapters/Komponenty.tex
Rozdzia\l  3.

LaTeX Warning: Marginpar on page 4 moved.

) [4



]
\openout2 = `Chapters/Projekt_rekawicy.aux'.

 (Chapters/Projekt_rekawicy.tex
Rozdzia\l  4.

Overfull \hbox (2.32173pt too wide) in paragraph at lines 6--6
[]\T1/ptm/b/n/17.28 Przegl¡d pod-ze-spo-ªów i tech-no-lo-gii u»y-tej w pro-
 []

LaTeX Font Info:    Trying to load font information for OMS+ptm on input line 9
.
("E:\Program Files (x86)\Miktex\tex/latex/psnfss\omsptm.fd"
File: omsptm.fd 
)
LaTeX Font Info:    Font shape `OMS/ptm/m/n' in size <12> not available
(Font)              Font shape `OMS/cmsy/m/n' tried instead on input line 9.
 [5



] [6]
<Images/arduino.png, id=74, 619.5948pt x 545.3976pt>
File: Images/arduino.png Graphic file (type png)
<use Images/arduino.png>
Package pdftex.def Info: Images/arduino.png  used on input line 23.
(pdftex.def)             Requested size: 402.73186pt x 354.50423pt.

Overfull \hbox (12.73186pt too wide) in paragraph at lines 23--24
 [][] 
 []


LaTeX Warning: `h' float specifier changed to `ht'.

[7] [8 <./Images/arduino.png>] [9]
<Images/flex-sensor.png, id=86, 743.77875pt x 361.35pt>
File: Images/flex-sensor.png Graphic file (type png)
<use Images/flex-sensor.png>
Package pdftex.def Info: Images/flex-sensor.png  used on input line 39.
(pdftex.def)             Requested size: 483.45045pt x 234.87471pt.
 [10 <./Images/flex-sensor.png>]
<Images/oporniki.png, id=90, 424.58624pt x 324.46219pt>
File: Images/oporniki.png Graphic file (type png)
<use Images/oporniki.png>
Package pdftex.def Info: Images/oporniki.png  used on input line 52.
(pdftex.def)             Requested size: 318.4389pt x 243.34602pt.
<Images/v-divider.png, id=91, 220.825pt x 284.06125pt>
File: Images/v-divider.png Graphic file (type png)
<use Images/v-divider.png>
Package pdftex.def Info: Images/v-divider.png  used on input line 59.
(pdftex.def)             Requested size: 187.19833pt x 240.81602pt.
 [11 <./Images/oporniki.png>] [12 <./Images/v-divider.png>]
<Images/circuit.png, id=106, 569.12625pt x 373.395pt>
File: Images/circuit.png Graphic file (type png)
<use Images/circuit.png>
Package pdftex.def Info: Images/circuit.png  used on input line 79.
(pdftex.def)             Requested size: 390.0pt x 255.88228pt.
 [13 <./Images/circuit.png>]
[14]
<Images/glove.png, id=113, 746.79pt x 984.67876pt>
File: Images/glove.png Graphic file (type png)
<use Images/glove.png>
Package pdftex.def Info: Images/glove.png  used on input line 105.
(pdftex.def)             Requested size: 149.35535pt x 196.93225pt.


LaTeX Warning: `h' float specifier changed to `ht'.

) [15] [16 <./Images/glove.png>]
\openout2 = `Chapters/Dedykowana_aplikacja.aux'.

 (Chapters/Dedykowana_aplikacja.tex
Rozdzia\l  5.

LaTeX Warning: Marginpar on page 17 moved.

) [17



]
\openout2 = `Chapters/Podsumowanie.aux'.

 (Chapters/Podsumowanie.tex
Rozdzia\l  6.
) [18



]
\openout2 = `Chapters/_Rozdzial_I.aux'.

 (Chapters/_Rozdzial_I.tex
Rozdzia\l  7.

LaTeX Warning: Marginpar on page 19 moved.


LaTeX Warning: Reference `fig:mobile' on page 19 undefined on input line 19.


LaTeX Warning: Marginpar on page 19 moved.

("E:\Program Files (x86)\Miktex\tex/latex/listings\lstlang1.sty"
File: lstlang1.sty 2020/03/24 1.8d listings language file
)
LaTeX Font Info:    Trying to load font information for T1+pcr on input line 22
.

("E:\Program Files (x86)\Miktex\tex/latex/psnfss\t1pcr.fd"
File: t1pcr.fd 2001/06/04 font definitions for T1/pcr.
)) [19



] (main.bbl
Underfull \hbox (badness 10000) in paragraph at lines 4--9
\T1/pcr/m/n/12 www . khanacademy . org / science / electrical-[]engineering /
 []


Underfull \hbox (badness 10000) in paragraph at lines 4--9
\T1/pcr/m/n/12 ee-[]circuit-[]analysis-[]topic / ee-[]resistor-[]circuits / a /

 []


Underfull \hbox (badness 10000) in paragraph at lines 16--21
\T1/pcr/m/n/12 com . pl / pl / arduino-[]seria-[]nano-[]oryginalne-[]plytki /
 []


Underfull \hbox (badness 10000) in paragraph at lines 16--21
\T1/pcr/m/n/12 14758-[]arduino-[]nano-[]33-[]ble-[]abx00030-[]7630049201491 .
 []


Underfull \hbox (badness 6428) in paragraph at lines 23--28
[]\T1/ptm/m/n/12 Botland.com.  Czuj-nik ugi¦-cia 112 x 6,3 mm - spark-fun sen-
 []


Underfull \hbox (badness 6125) in paragraph at lines 23--28
\T1/ptm/m/n/12 08606.  $\T1/pcr/m/n/12 https : / / botland . com . pl / pl / cz
ujniki-[]nacisku /
 []


Overfull \hbox (8.76532pt too wide) in paragraph at lines 23--28
\T1/pcr/m/n/12 2406-[]czujnik-[]ugiecia-[]112-[]x-[]63-[]mm-[]sparkfun-[]sen-[]
08606 .
 []

) [20


] (main.tdo)
\tf@tdo=\write7
\openout7 = `main.tdo'.

 [21

] (main.aux (Chapters/Abstrakt.aux) (Chapters/Wstep.aux)
(Chapters/Zagadnienia.aux) (Chapters/Komponenty.aux)
(Chapters/Projekt_rekawicy.aux) (Chapters/Dedykowana_aplikacja.aux)
(Chapters/Podsumowanie.aux) (Chapters/_Rozdzial_I.aux))

LaTeX Warning: There were undefined references.

 ) 
Here is how much of TeX's memory you used:
 26090 strings out of 492482
 507399 string characters out of 3130125
 848709 words of memory out of 3000000
 30017 multiletter control sequences out of 15000+200000
 579979 words of font info for 65 fonts, out of 3000000 for 9000
 1141 hyphenation exceptions out of 8191
 68i,12n,83p,3134b,1239s stack positions out of 5000i,500n,10000p,200000b,50000s
{E:/Program Files (x86)/Miktex/fonts/enc/dvips/base/8r.enc}<E:/Program Files 
(x86)/Miktex/fonts/type1/public/amsfonts/cm/cmex10.pfb><E:/Program Files (x86)/
Miktex/fonts/type1/public/amsfonts/cm/cmmi12.pfb><E:/Program Files (x86)/Miktex
/fonts/type1/public/amsfonts/cm/cmmi8.pfb><E:/Program Files (x86)/Miktex/fonts/
type1/public/amsfonts/cm/cmr12.pfb><E:/Program Files (x86)/Miktex/fonts/type1/p
ublic/amsfonts/cm/cmr8.pfb><E:/Program Files (x86)/Miktex/fonts/type1/public/am
sfonts/cm/cmsy10.pfb><E:/Program Files (x86)/Miktex/fonts/type1/urw/courier/ucr
r8a.pfb><E:/Program Files (x86)/Miktex/fonts/type1/urw/times/utmb8a.pfb><E:/Pro
gram Files (x86)/Miktex/fonts/type1/urw/times/utmr8a.pfb>
Output written on main.pdf (28 pages, 3506095 bytes).
PDF statistics:
 168 PDF objects out of 1000 (max. 8388607)
 0 named destinations out of 1000 (max. 500000)
 144 words of extra memory for PDF output out of 10000 (max. 10000000)

